{"C:\\Users\\iatne\\Desktop\\Projeto\\StudyUP2.0\\backend\\src\\index.js": {"path":"C:\\Users\\iatne\\Desktop\\Projeto\\StudyUP2.0\\backend\\src\\index.js","statementMap":{"0":{"start":{"line":21,"column":0},"end":{"line":21,"column":16}},"1":{"start":{"line":23,"column":12},"end":{"line":23,"column":21}},"2":{"start":{"line":26,"column":0},"end":{"line":31,"column":4}},"3":{"start":{"line":33,"column":0},"end":{"line":33,"column":18}},"4":{"start":{"line":34,"column":0},"end":{"line":34,"column":59}},"5":{"start":{"line":35,"column":0},"end":{"line":35,"column":24}},"6":{"start":{"line":36,"column":0},"end":{"line":36,"column":61}},"7":{"start":{"line":39,"column":0},"end":{"line":39,"column":33}},"8":{"start":{"line":40,"column":0},"end":{"line":40,"column":43}},"9":{"start":{"line":41,"column":0},"end":{"line":41,"column":37}},"10":{"start":{"line":42,"column":0},"end":{"line":42,"column":34}},"11":{"start":{"line":43,"column":0},"end":{"line":43,"column":34}},"12":{"start":{"line":44,"column":0},"end":{"line":44,"column":33}},"13":{"start":{"line":45,"column":0},"end":{"line":45,"column":29}},"14":{"start":{"line":46,"column":0},"end":{"line":46,"column":40}},"15":{"start":{"line":47,"column":0},"end":{"line":47,"column":60}},"16":{"start":{"line":48,"column":0},"end":{"line":48,"column":40}},"17":{"start":{"line":50,"column":0},"end":{"line":50,"column":22}},"18":{"start":{"line":52,"column":13},"end":{"line":52,"column":37}},"19":{"start":{"line":53,"column":0},"end":{"line":55,"column":3}},"20":{"start":{"line":54,"column":2},"end":{"line":54,"column":54}}},"fnMap":{"0":{"name":"(anonymous_0)","decl":{"start":{"line":53,"column":17},"end":{"line":53,"column":18}},"loc":{"start":{"line":53,"column":23},"end":{"line":55,"column":1}},"line":53}},"branchMap":{"0":{"loc":{"start":{"line":52,"column":13},"end":{"line":52,"column":37}},"type":"binary-expr","locations":[{"start":{"line":52,"column":13},"end":{"line":52,"column":29}},{"start":{"line":52,"column":33},"end":{"line":52,"column":37}}],"line":52}},"s":{"0":1,"1":1,"2":1,"3":1,"4":1,"5":1,"6":1,"7":1,"8":1,"9":1,"10":1,"11":1,"12":1,"13":1,"14":1,"15":1,"16":1,"17":1,"18":1,"19":1,"20":0},"f":{"0":0},"b":{"0":[1,0]},"_coverageSchema":"1a1c01bbd47fc00a2c39e90264f33305004495a9","hash":"81784c2fde211257e7d609739aff7c43a8fa5359"}
,"C:\\Users\\iatne\\Desktop\\Projeto\\StudyUP2.0\\backend\\src\\config\\cloudinary.js": {"path":"C:\\Users\\iatne\\Desktop\\Projeto\\StudyUP2.0\\backend\\src\\config\\cloudinary.js","statementMap":{"0":{"start":{"line":4,"column":0},"end":{"line":4,"column":16}},"1":{"start":{"line":6,"column":0},"end":{"line":10,"column":3}}},"fnMap":{},"branchMap":{},"s":{"0":1,"1":1},"f":{},"b":{},"_coverageSchema":"1a1c01bbd47fc00a2c39e90264f33305004495a9","hash":"c34c6c8c40dd353746039cb3aec2ea4bd3e65753"}
,"C:\\Users\\iatne\\Desktop\\Projeto\\StudyUP2.0\\backend\\src\\config\\firebase.js": {"path":"C:\\Users\\iatne\\Desktop\\Projeto\\StudyUP2.0\\backend\\src\\config\\firebase.js","statementMap":{"0":{"start":{"line":4,"column":0},"end":{"line":4,"column":16}},"1":{"start":{"line":6,"column":12},"end":{"line":6,"column":67}},"2":{"start":{"line":8,"column":0},"end":{"line":17,"column":1}},"3":{"start":{"line":9,"column":2},"end":{"line":16,"column":5}},"4":{"start":{"line":19,"column":11},"end":{"line":19,"column":28}}},"fnMap":{},"branchMap":{"0":{"loc":{"start":{"line":8,"column":0},"end":{"line":17,"column":1}},"type":"if","locations":[{"start":{"line":8,"column":0},"end":{"line":17,"column":1}},{"start":{},"end":{}}],"line":8}},"s":{"0":1,"1":1,"2":1,"3":1,"4":1},"f":{},"b":{"0":[1,0]},"_coverageSchema":"1a1c01bbd47fc00a2c39e90264f33305004495a9","hash":"327fc9a2ac780bf6af53a1f5b4c2e652275eed7d"}
,"C:\\Users\\iatne\\Desktop\\Projeto\\StudyUP2.0\\backend\\src\\controllers\\authController.js": {"path":"C:\\Users\\iatne\\Desktop\\Projeto\\StudyUP2.0\\backend\\src\\controllers\\authController.js","statementMap":{"0":{"start":{"line":4,"column":2},"end":{"line":28,"column":3}},"1":{"start":{"line":5,"column":22},"end":{"line":5,"column":30}},"2":{"start":{"line":6,"column":4},"end":{"line":6,"column":80}},"3":{"start":{"line":6,"column":16},"end":{"line":6,"column":80}},"4":{"start":{"line":9,"column":20},"end":{"line":9,"column":59}},"5":{"start":{"line":10,"column":16},"end":{"line":10,"column":27}},"6":{"start":{"line":13,"column":20},"end":{"line":13,"column":63}},"7":{"start":{"line":14,"column":21},"end":{"line":14,"column":57}},"8":{"start":{"line":16,"column":4},"end":{"line":24,"column":7}},"9":{"start":{"line":26,"column":4},"end":{"line":26,"column":44}},"10":{"start":{"line":27,"column":4},"end":{"line":27,"column":75}}},"fnMap":{"0":{"name":"login","decl":{"start":{"line":3,"column":22},"end":{"line":3,"column":27}},"loc":{"start":{"line":3,"column":44},"end":{"line":29,"column":1}},"line":3}},"branchMap":{"0":{"loc":{"start":{"line":6,"column":4},"end":{"line":6,"column":80}},"type":"if","locations":[{"start":{"line":6,"column":4},"end":{"line":6,"column":80}},{"start":{},"end":{}}],"line":6},"1":{"loc":{"start":{"line":14,"column":21},"end":{"line":14,"column":57}},"type":"cond-expr","locations":[{"start":{"line":14,"column":38},"end":{"line":14,"column":52}},{"start":{"line":14,"column":55},"end":{"line":14,"column":57}}],"line":14},"2":{"loc":{"start":{"line":20,"column":15},"end":{"line":20,"column":54}},"type":"binary-expr","locations":[{"start":{"line":20,"column":15},"end":{"line":20,"column":28}},{"start":{"line":20,"column":32},"end":{"line":20,"column":46}},{"start":{"line":20,"column":50},"end":{"line":20,"column":54}}],"line":20}},"s":{"0":0,"1":0,"2":0,"3":0,"4":0,"5":0,"6":0,"7":0,"8":0,"9":0,"10":0},"f":{"0":0},"b":{"0":[0,0],"1":[0,0],"2":[0,0,0]},"_coverageSchema":"1a1c01bbd47fc00a2c39e90264f33305004495a9","hash":"a465640fb3ffda982c12395d8810e8ad34824b1e"}
,"C:\\Users\\iatne\\Desktop\\Projeto\\StudyUP2.0\\backend\\src\\controllers\\classController.js": {"path":"C:\\Users\\iatne\\Desktop\\Projeto\\StudyUP2.0\\backend\\src\\controllers\\classController.js","statementMap":{"0":{"start":{"line":7,"column":26},"end":{"line":55,"column":1}},"1":{"start":{"line":8,"column":2},"end":{"line":54,"column":3}},"2":{"start":{"line":9,"column":41},"end":{"line":9,"column":50}},"3":{"start":{"line":11,"column":60},"end":{"line":15,"column":6}},"4":{"start":{"line":17,"column":20},"end":{"line":17,"column":29}},"5":{"start":{"line":18,"column":4},"end":{"line":18,"column":78}},"6":{"start":{"line":18,"column":33},"end":{"line":18,"column":76}},"7":{"start":{"line":20,"column":20},"end":{"line":20,"column":29}},"8":{"start":{"line":21,"column":4},"end":{"line":21,"column":71}},"9":{"start":{"line":21,"column":33},"end":{"line":21,"column":69}},"10":{"start":{"line":23,"column":4},"end":{"line":25,"column":5}},"11":{"start":{"line":24,"column":6},"end":{"line":24,"column":38}},"12":{"start":{"line":27,"column":22},"end":{"line":42,"column":6}},"13":{"start":{"line":28,"column":20},"end":{"line":28,"column":30}},"14":{"start":{"line":30,"column":28},"end":{"line":30,"column":42}},"15":{"start":{"line":31,"column":6},"end":{"line":33,"column":7}},"16":{"start":{"line":32,"column":8},"end":{"line":32,"column":95}},"17":{"start":{"line":35,"column":6},"end":{"line":41,"column":8}},"18":{"start":{"line":45,"column":4},"end":{"line":47,"column":5}},"19":{"start":{"line":46,"column":6},"end":{"line":46,"column":97}},"20":{"start":{"line":46,"column":44},"end":{"line":46,"column":95}},"21":{"start":{"line":49,"column":4},"end":{"line":49,"column":38}},"22":{"start":{"line":52,"column":4},"end":{"line":52,"column":63}},"23":{"start":{"line":53,"column":4},"end":{"line":53,"column":86}},"24":{"start":{"line":61,"column":28},"end":{"line":88,"column":1}},"25":{"start":{"line":62,"column":2},"end":{"line":87,"column":3}},"26":{"start":{"line":63,"column":19},"end":{"line":63,"column":29}},"27":{"start":{"line":64,"column":19},"end":{"line":64,"column":51}},"28":{"start":{"line":65,"column":16},"end":{"line":65,"column":34}},"29":{"start":{"line":67,"column":4},"end":{"line":69,"column":5}},"30":{"start":{"line":68,"column":6},"end":{"line":68,"column":70}},"31":{"start":{"line":72,"column":28},"end":{"line":74,"column":12}},"32":{"start":{"line":76,"column":23},"end":{"line":76,"column":62}},"33":{"start":{"line":76,"column":55},"end":{"line":76,"column":61}},"34":{"start":{"line":78,"column":4},"end":{"line":82,"column":7}},"35":{"start":{"line":85,"column":4},"end":{"line":85,"column":65}},"36":{"start":{"line":86,"column":4},"end":{"line":86,"column":16}},"37":{"start":{"line":94,"column":27},"end":{"line":136,"column":1}},"38":{"start":{"line":95,"column":2},"end":{"line":135,"column":3}},"39":{"start":{"line":99,"column":8},"end":{"line":99,"column":16}},"40":{"start":{"line":101,"column":4},"end":{"line":103,"column":5}},"41":{"start":{"line":102,"column":6},"end":{"line":102,"column":92}},"42":{"start":{"line":105,"column":25},"end":{"line":116,"column":5}},"43":{"start":{"line":118,"column":24},"end":{"line":118,"column":72}},"44":{"start":{"line":119,"column":23},"end":{"line":119,"column":37}},"45":{"start":{"line":121,"column":4},"end":{"line":128,"column":5}},"46":{"start":{"line":122,"column":20},"end":{"line":122,"column":30}},"47":{"start":{"line":123,"column":6},"end":{"line":126,"column":9}},"48":{"start":{"line":124,"column":30},"end":{"line":124,"column":67}},"49":{"start":{"line":125,"column":8},"end":{"line":125,"column":98}},"50":{"start":{"line":127,"column":6},"end":{"line":127,"column":27}},"51":{"start":{"line":130,"column":4},"end":{"line":130,"column":62}},"52":{"start":{"line":133,"column":4},"end":{"line":133,"column":64}},"53":{"start":{"line":134,"column":4},"end":{"line":134,"column":84}},"54":{"start":{"line":142,"column":27},"end":{"line":203,"column":1}},"55":{"start":{"line":143,"column":2},"end":{"line":202,"column":3}},"56":{"start":{"line":144,"column":19},"end":{"line":144,"column":29}},"57":{"start":{"line":148,"column":8},"end":{"line":148,"column":16}},"58":{"start":{"line":150,"column":4},"end":{"line":152,"column":5}},"59":{"start":{"line":151,"column":6},"end":{"line":151,"column":83}},"60":{"start":{"line":154,"column":21},"end":{"line":154,"column":53}},"61":{"start":{"line":157,"column":23},"end":{"line":167,"column":5}},"62":{"start":{"line":169,"column":4},"end":{"line":169,"column":38}},"63":{"start":{"line":172,"column":31},"end":{"line":172,"column":92}},"64":{"start":{"line":173,"column":26},"end":{"line":173,"column":68}},"65":{"start":{"line":173,"column":61},"end":{"line":173,"column":67}},"66":{"start":{"line":174,"column":26},"end":{"line":174,"column":42}},"67":{"start":{"line":176,"column":26},"end":{"line":176,"column":83}},"68":{"start":{"line":176,"column":54},"end":{"line":176,"column":82}},"69":{"start":{"line":177,"column":29},"end":{"line":177,"column":86}},"70":{"start":{"line":177,"column":57},"end":{"line":177,"column":85}},"71":{"start":{"line":179,"column":18},"end":{"line":179,"column":28}},"72":{"start":{"line":182,"column":4},"end":{"line":185,"column":7}},"73":{"start":{"line":183,"column":18},"end":{"line":183,"column":55}},"74":{"start":{"line":184,"column":6},"end":{"line":184,"column":76}},"75":{"start":{"line":188,"column":4},"end":{"line":191,"column":7}},"76":{"start":{"line":189,"column":18},"end":{"line":189,"column":55}},"77":{"start":{"line":190,"column":6},"end":{"line":190,"column":43}},"78":{"start":{"line":193,"column":4},"end":{"line":195,"column":5}},"79":{"start":{"line":194,"column":6},"end":{"line":194,"column":27}},"80":{"start":{"line":197,"column":4},"end":{"line":197,"column":71}},"81":{"start":{"line":200,"column":4},"end":{"line":200,"column":64}},"82":{"start":{"line":201,"column":4},"end":{"line":201,"column":16}},"83":{"start":{"line":209,"column":27},"end":{"line":233,"column":1}},"84":{"start":{"line":210,"column":2},"end":{"line":232,"column":3}},"85":{"start":{"line":211,"column":19},"end":{"line":211,"column":29}},"86":{"start":{"line":214,"column":29},"end":{"line":214,"column":90}},"87":{"start":{"line":216,"column":18},"end":{"line":216,"column":28}},"88":{"start":{"line":217,"column":4},"end":{"line":220,"column":7}},"89":{"start":{"line":218,"column":25},"end":{"line":218,"column":59}},"90":{"start":{"line":219,"column":6},"end":{"line":219,"column":50}},"91":{"start":{"line":222,"column":4},"end":{"line":222,"column":25}},"92":{"start":{"line":225,"column":4},"end":{"line":225,"column":52}},"93":{"start":{"line":227,"column":4},"end":{"line":227,"column":90}},"94":{"start":{"line":230,"column":4},"end":{"line":230,"column":64}},"95":{"start":{"line":231,"column":4},"end":{"line":231,"column":16}}},"fnMap":{"0":{"name":"(anonymous_0)","decl":{"start":{"line":7,"column":26},"end":{"line":7,"column":27}},"loc":{"start":{"line":7,"column":46},"end":{"line":55,"column":1}},"line":7},"1":{"name":"(anonymous_1)","decl":{"start":{"line":18,"column":26},"end":{"line":18,"column":27}},"loc":{"start":{"line":18,"column":33},"end":{"line":18,"column":76}},"line":18},"2":{"name":"(anonymous_2)","decl":{"start":{"line":21,"column":26},"end":{"line":21,"column":27}},"loc":{"start":{"line":21,"column":33},"end":{"line":21,"column":69}},"line":21},"3":{"name":"(anonymous_3)","decl":{"start":{"line":27,"column":47},"end":{"line":27,"column":48}},"loc":{"start":{"line":27,"column":54},"end":{"line":42,"column":5}},"line":27},"4":{"name":"(anonymous_4)","decl":{"start":{"line":46,"column":39},"end":{"line":46,"column":40}},"loc":{"start":{"line":46,"column":44},"end":{"line":46,"column":95}},"line":46},"5":{"name":"(anonymous_5)","decl":{"start":{"line":61,"column":28},"end":{"line":61,"column":29}},"loc":{"start":{"line":61,"column":54},"end":{"line":88,"column":1}},"line":61},"6":{"name":"(anonymous_6)","decl":{"start":{"line":76,"column":48},"end":{"line":76,"column":49}},"loc":{"start":{"line":76,"column":55},"end":{"line":76,"column":61}},"line":76},"7":{"name":"(anonymous_7)","decl":{"start":{"line":94,"column":27},"end":{"line":94,"column":28}},"loc":{"start":{"line":94,"column":47},"end":{"line":136,"column":1}},"line":94},"8":{"name":"(anonymous_8)","decl":{"start":{"line":123,"column":25},"end":{"line":123,"column":26}},"loc":{"start":{"line":123,"column":38},"end":{"line":126,"column":7}},"line":123},"9":{"name":"(anonymous_9)","decl":{"start":{"line":142,"column":27},"end":{"line":142,"column":28}},"loc":{"start":{"line":142,"column":53},"end":{"line":203,"column":1}},"line":142},"10":{"name":"(anonymous_10)","decl":{"start":{"line":173,"column":54},"end":{"line":173,"column":55}},"loc":{"start":{"line":173,"column":61},"end":{"line":173,"column":67}},"line":173},"11":{"name":"(anonymous_11)","decl":{"start":{"line":176,"column":47},"end":{"line":176,"column":48}},"loc":{"start":{"line":176,"column":54},"end":{"line":176,"column":82}},"line":176},"12":{"name":"(anonymous_12)","decl":{"start":{"line":177,"column":50},"end":{"line":177,"column":51}},"loc":{"start":{"line":177,"column":57},"end":{"line":177,"column":85}},"line":177},"13":{"name":"(anonymous_13)","decl":{"start":{"line":182,"column":26},"end":{"line":182,"column":27}},"loc":{"start":{"line":182,"column":39},"end":{"line":185,"column":5}},"line":182},"14":{"name":"(anonymous_14)","decl":{"start":{"line":188,"column":29},"end":{"line":188,"column":30}},"loc":{"start":{"line":188,"column":42},"end":{"line":191,"column":5}},"line":188},"15":{"name":"(anonymous_15)","decl":{"start":{"line":209,"column":27},"end":{"line":209,"column":28}},"loc":{"start":{"line":209,"column":53},"end":{"line":233,"column":1}},"line":209},"16":{"name":"(anonymous_16)","decl":{"start":{"line":217,"column":34},"end":{"line":217,"column":35}},"loc":{"start":{"line":217,"column":41},"end":{"line":220,"column":5}},"line":217}},"branchMap":{"0":{"loc":{"start":{"line":23,"column":4},"end":{"line":25,"column":5}},"type":"if","locations":[{"start":{"line":23,"column":4},"end":{"line":25,"column":5}},{"start":{},"end":{}}],"line":23},"1":{"loc":{"start":{"line":31,"column":6},"end":{"line":33,"column":7}},"type":"if","locations":[{"start":{"line":31,"column":6},"end":{"line":33,"column":7}},{"start":{},"end":{}}],"line":31},"2":{"loc":{"start":{"line":31,"column":10},"end":{"line":31,"column":62}},"type":"binary-expr","locations":[{"start":{"line":31,"column":10},"end":{"line":31,"column":26}},{"start":{"line":31,"column":30},"end":{"line":31,"column":45}},{"start":{"line":31,"column":49},"end":{"line":31,"column":62}}],"line":31},"3":{"loc":{"start":{"line":38,"column":18},"end":{"line":38,"column":42}},"type":"binary-expr","locations":[{"start":{"line":38,"column":18},"end":{"line":38,"column":33}},{"start":{"line":38,"column":37},"end":{"line":38,"column":42}}],"line":38},"4":{"loc":{"start":{"line":39,"column":21},"end":{"line":39,"column":79}},"type":"binary-expr","locations":[{"start":{"line":39,"column":21},"end":{"line":39,"column":49}},{"start":{"line":39,"column":53},"end":{"line":39,"column":79}}],"line":39},"5":{"loc":{"start":{"line":40,"column":18},"end":{"line":40,"column":55}},"type":"binary-expr","locations":[{"start":{"line":40,"column":18},"end":{"line":40,"column":43}},{"start":{"line":40,"column":47},"end":{"line":40,"column":55}}],"line":40},"6":{"loc":{"start":{"line":45,"column":4},"end":{"line":47,"column":5}},"type":"if","locations":[{"start":{"line":45,"column":4},"end":{"line":47,"column":5}},{"start":{},"end":{}}],"line":45},"7":{"loc":{"start":{"line":67,"column":4},"end":{"line":69,"column":5}},"type":"if","locations":[{"start":{"line":67,"column":4},"end":{"line":69,"column":5}},{"start":{},"end":{}}],"line":67},"8":{"loc":{"start":{"line":101,"column":4},"end":{"line":103,"column":5}},"type":"if","locations":[{"start":{"line":101,"column":4},"end":{"line":103,"column":5}},{"start":{},"end":{}}],"line":101},"9":{"loc":{"start":{"line":101,"column":8},"end":{"line":101,"column":27}},"type":"binary-expr","locations":[{"start":{"line":101,"column":8},"end":{"line":101,"column":13}},{"start":{"line":101,"column":17},"end":{"line":101,"column":27}}],"line":101},"10":{"loc":{"start":{"line":106,"column":31},"end":{"line":106,"column":45}},"type":"binary-expr","locations":[{"start":{"line":106,"column":31},"end":{"line":106,"column":37}},{"start":{"line":106,"column":41},"end":{"line":106,"column":45}}],"line":106},"11":{"loc":{"start":{"line":107,"column":22},"end":{"line":107,"column":50}},"type":"binary-expr","locations":[{"start":{"line":107,"column":22},"end":{"line":107,"column":36}},{"start":{"line":107,"column":40},"end":{"line":107,"column":50}}],"line":107},"12":{"loc":{"start":{"line":108,"column":18},"end":{"line":108,"column":34}},"type":"binary-expr","locations":[{"start":{"line":108,"column":18},"end":{"line":108,"column":28}},{"start":{"line":108,"column":32},"end":{"line":108,"column":34}}],"line":108},"13":{"loc":{"start":{"line":109,"column":18},"end":{"line":109,"column":34}},"type":"binary-expr","locations":[{"start":{"line":109,"column":18},"end":{"line":109,"column":28}},{"start":{"line":109,"column":32},"end":{"line":109,"column":34}}],"line":109},"14":{"loc":{"start":{"line":110,"column":17},"end":{"line":110,"column":32}},"type":"binary-expr","locations":[{"start":{"line":110,"column":17},"end":{"line":110,"column":26}},{"start":{"line":110,"column":30},"end":{"line":110,"column":32}}],"line":110},"15":{"loc":{"start":{"line":111,"column":15},"end":{"line":111,"column":28}},"type":"binary-expr","locations":[{"start":{"line":111,"column":15},"end":{"line":111,"column":22}},{"start":{"line":111,"column":26},"end":{"line":111,"column":28}}],"line":111},"16":{"loc":{"start":{"line":112,"column":18},"end":{"line":112,"column":46}},"type":"binary-expr","locations":[{"start":{"line":112,"column":18},"end":{"line":112,"column":32}},{"start":{"line":112,"column":36},"end":{"line":112,"column":46}}],"line":112},"17":{"loc":{"start":{"line":113,"column":16},"end":{"line":113,"column":39}},"type":"binary-expr","locations":[{"start":{"line":113,"column":16},"end":{"line":113,"column":24}},{"start":{"line":113,"column":28},"end":{"line":113,"column":39}}],"line":113},"18":{"loc":{"start":{"line":114,"column":20},"end":{"line":114,"column":54}},"type":"cond-expr","locations":[{"start":{"line":114,"column":33},"end":{"line":114,"column":50}},{"start":{"line":114,"column":53},"end":{"line":114,"column":54}}],"line":114},"19":{"loc":{"start":{"line":121,"column":4},"end":{"line":128,"column":5}},"type":"if","locations":[{"start":{"line":121,"column":4},"end":{"line":128,"column":5}},{"start":{},"end":{}}],"line":121},"20":{"loc":{"start":{"line":121,"column":8},"end":{"line":121,"column":43}},"type":"binary-expr","locations":[{"start":{"line":121,"column":8},"end":{"line":121,"column":18}},{"start":{"line":121,"column":22},"end":{"line":121,"column":43}}],"line":121},"21":{"loc":{"start":{"line":150,"column":4},"end":{"line":152,"column":5}},"type":"if","locations":[{"start":{"line":150,"column":4},"end":{"line":152,"column":5}},{"start":{},"end":{}}],"line":150},"22":{"loc":{"start":{"line":150,"column":8},"end":{"line":150,"column":27}},"type":"binary-expr","locations":[{"start":{"line":150,"column":8},"end":{"line":150,"column":13}},{"start":{"line":150,"column":17},"end":{"line":150,"column":27}}],"line":150},"23":{"loc":{"start":{"line":158,"column":31},"end":{"line":158,"column":45}},"type":"binary-expr","locations":[{"start":{"line":158,"column":31},"end":{"line":158,"column":37}},{"start":{"line":158,"column":41},"end":{"line":158,"column":45}}],"line":158},"24":{"loc":{"start":{"line":159,"column":22},"end":{"line":159,"column":50}},"type":"binary-expr","locations":[{"start":{"line":159,"column":22},"end":{"line":159,"column":36}},{"start":{"line":159,"column":40},"end":{"line":159,"column":50}}],"line":159},"25":{"loc":{"start":{"line":160,"column":18},"end":{"line":160,"column":34}},"type":"binary-expr","locations":[{"start":{"line":160,"column":18},"end":{"line":160,"column":28}},{"start":{"line":160,"column":32},"end":{"line":160,"column":34}}],"line":160},"26":{"loc":{"start":{"line":161,"column":18},"end":{"line":161,"column":34}},"type":"binary-expr","locations":[{"start":{"line":161,"column":18},"end":{"line":161,"column":28}},{"start":{"line":161,"column":32},"end":{"line":161,"column":34}}],"line":161},"27":{"loc":{"start":{"line":162,"column":17},"end":{"line":162,"column":32}},"type":"binary-expr","locations":[{"start":{"line":162,"column":17},"end":{"line":162,"column":26}},{"start":{"line":162,"column":30},"end":{"line":162,"column":32}}],"line":162},"28":{"loc":{"start":{"line":163,"column":15},"end":{"line":163,"column":28}},"type":"binary-expr","locations":[{"start":{"line":163,"column":15},"end":{"line":163,"column":22}},{"start":{"line":163,"column":26},"end":{"line":163,"column":28}}],"line":163},"29":{"loc":{"start":{"line":164,"column":18},"end":{"line":164,"column":46}},"type":"binary-expr","locations":[{"start":{"line":164,"column":18},"end":{"line":164,"column":32}},{"start":{"line":164,"column":36},"end":{"line":164,"column":46}}],"line":164},"30":{"loc":{"start":{"line":165,"column":16},"end":{"line":165,"column":39}},"type":"binary-expr","locations":[{"start":{"line":165,"column":16},"end":{"line":165,"column":24}},{"start":{"line":165,"column":28},"end":{"line":165,"column":39}}],"line":165},"31":{"loc":{"start":{"line":166,"column":20},"end":{"line":166,"column":54}},"type":"cond-expr","locations":[{"start":{"line":166,"column":33},"end":{"line":166,"column":50}},{"start":{"line":166,"column":53},"end":{"line":166,"column":54}}],"line":166},"32":{"loc":{"start":{"line":174,"column":26},"end":{"line":174,"column":42}},"type":"binary-expr","locations":[{"start":{"line":174,"column":26},"end":{"line":174,"column":36}},{"start":{"line":174,"column":40},"end":{"line":174,"column":42}}],"line":174},"33":{"loc":{"start":{"line":193,"column":4},"end":{"line":195,"column":5}},"type":"if","locations":[{"start":{"line":193,"column":4},"end":{"line":195,"column":5}},{"start":{},"end":{}}],"line":193},"34":{"loc":{"start":{"line":193,"column":8},"end":{"line":193,"column":63}},"type":"binary-expr","locations":[{"start":{"line":193,"column":8},"end":{"line":193,"column":32}},{"start":{"line":193,"column":36},"end":{"line":193,"column":63}}],"line":193}},"s":{"0":1,"1":0,"2":0,"3":0,"4":0,"5":0,"6":0,"7":0,"8":0,"9":0,"10":0,"11":0,"12":0,"13":0,"14":0,"15":0,"16":0,"17":0,"18":0,"19":0,"20":0,"21":0,"22":0,"23":0,"24":1,"25":0,"26":0,"27":0,"28":0,"29":0,"30":0,"31":0,"32":0,"33":0,"34":0,"35":0,"36":0,"37":1,"38":0,"39":0,"40":0,"41":0,"42":0,"43":0,"44":0,"45":0,"46":0,"47":0,"48":0,"49":0,"50":0,"51":0,"52":0,"53":0,"54":1,"55":0,"56":0,"57":0,"58":0,"59":0,"60":0,"61":0,"62":0,"63":0,"64":0,"65":0,"66":0,"67":0,"68":0,"69":0,"70":0,"71":0,"72":0,"73":0,"74":0,"75":0,"76":0,"77":0,"78":0,"79":0,"80":0,"81":0,"82":0,"83":1,"84":0,"85":0,"86":0,"87":0,"88":0,"89":0,"90":0,"91":0,"92":0,"93":0,"94":0,"95":0},"f":{"0":0,"1":0,"2":0,"3":0,"4":0,"5":0,"6":0,"7":0,"8":0,"9":0,"10":0,"11":0,"12":0,"13":0,"14":0,"15":0,"16":0},"b":{"0":[0,0],"1":[0,0],"2":[0,0,0],"3":[0,0],"4":[0,0],"5":[0,0],"6":[0,0],"7":[0,0],"8":[0,0],"9":[0,0],"10":[0,0],"11":[0,0],"12":[0,0],"13":[0,0],"14":[0,0],"15":[0,0],"16":[0,0],"17":[0,0],"18":[0,0],"19":[0,0],"20":[0,0],"21":[0,0],"22":[0,0],"23":[0,0],"24":[0,0],"25":[0,0],"26":[0,0],"27":[0,0],"28":[0,0],"29":[0,0],"30":[0,0],"31":[0,0],"32":[0,0],"33":[0,0],"34":[0,0]},"_coverageSchema":"1a1c01bbd47fc00a2c39e90264f33305004495a9","hash":"83dbfbb682935f138804ac9bc59b50378e62efa0"}
,"C:\\Users\\iatne\\Desktop\\Projeto\\StudyUP2.0\\backend\\src\\controllers\\commentController.js": {"path":"C:\\Users\\iatne\\Desktop\\Projeto\\StudyUP2.0\\backend\\src\\controllers\\commentController.js","statementMap":{"0":{"start":{"line":3,"column":24},"end":{"line":3,"column":36}},"1":{"start":{"line":4,"column":27},"end":{"line":4,"column":42}},"2":{"start":{"line":10,"column":34},"end":{"line":34,"column":1}},"3":{"start":{"line":11,"column":2},"end":{"line":33,"column":3}},"4":{"start":{"line":12,"column":23},"end":{"line":12,"column":33}},"5":{"start":{"line":14,"column":21},"end":{"line":17,"column":12}},"6":{"start":{"line":19,"column":4},"end":{"line":21,"column":5}},"7":{"start":{"line":20,"column":6},"end":{"line":20,"column":38}},"8":{"start":{"line":23,"column":21},"end":{"line":26,"column":7}},"9":{"start":{"line":23,"column":47},"end":{"line":26,"column":5}},"10":{"start":{"line":28,"column":4},"end":{"line":28,"column":35}},"11":{"start":{"line":31,"column":4},"end":{"line":31,"column":74}},"12":{"start":{"line":32,"column":4},"end":{"line":32,"column":67}},"13":{"start":{"line":40,"column":29},"end":{"line":83,"column":1}},"14":{"start":{"line":41,"column":2},"end":{"line":82,"column":3}},"15":{"start":{"line":42,"column":23},"end":{"line":42,"column":33}},"16":{"start":{"line":43,"column":21},"end":{"line":43,"column":29}},"17":{"start":{"line":44,"column":45},"end":{"line":44,"column":53}},"18":{"start":{"line":46,"column":4},"end":{"line":48,"column":5}},"19":{"start":{"line":47,"column":6},"end":{"line":47,"column":85}},"20":{"start":{"line":50,"column":21},"end":{"line":50,"column":64}},"21":{"start":{"line":51,"column":4},"end":{"line":53,"column":5}},"22":{"start":{"line":52,"column":6},"end":{"line":52,"column":45}},"23":{"start":{"line":55,"column":23},"end":{"line":62,"column":5}},"24":{"start":{"line":64,"column":20},"end":{"line":64,"column":62}},"25":{"start":{"line":66,"column":18},"end":{"line":66,"column":28}},"26":{"start":{"line":68,"column":23},"end":{"line":68,"column":62}},"27":{"start":{"line":69,"column":4},"end":{"line":69,"column":38}},"28":{"start":{"line":71,"column":4},"end":{"line":73,"column":7}},"29":{"start":{"line":75,"column":4},"end":{"line":75,"column":25}},"30":{"start":{"line":77,"column":4},"end":{"line":77,"column":63}},"31":{"start":{"line":80,"column":4},"end":{"line":80,"column":76}},"32":{"start":{"line":81,"column":4},"end":{"line":81,"column":65}}},"fnMap":{"0":{"name":"(anonymous_0)","decl":{"start":{"line":10,"column":34},"end":{"line":10,"column":35}},"loc":{"start":{"line":10,"column":54},"end":{"line":34,"column":1}},"line":10},"1":{"name":"(anonymous_1)","decl":{"start":{"line":23,"column":39},"end":{"line":23,"column":40}},"loc":{"start":{"line":23,"column":47},"end":{"line":26,"column":5}},"line":23},"2":{"name":"(anonymous_2)","decl":{"start":{"line":40,"column":29},"end":{"line":40,"column":30}},"loc":{"start":{"line":40,"column":49},"end":{"line":83,"column":1}},"line":40}},"branchMap":{"0":{"loc":{"start":{"line":19,"column":4},"end":{"line":21,"column":5}},"type":"if","locations":[{"start":{"line":19,"column":4},"end":{"line":21,"column":5}},{"start":{},"end":{}}],"line":19},"1":{"loc":{"start":{"line":46,"column":4},"end":{"line":48,"column":5}},"type":"if","locations":[{"start":{"line":46,"column":4},"end":{"line":48,"column":5}},{"start":{},"end":{}}],"line":46},"2":{"loc":{"start":{"line":50,"column":21},"end":{"line":50,"column":64}},"type":"binary-expr","locations":[{"start":{"line":50,"column":21},"end":{"line":50,"column":25}},{"start":{"line":50,"column":29},"end":{"line":50,"column":40}},{"start":{"line":50,"column":44},"end":{"line":50,"column":64}}],"line":50},"3":{"loc":{"start":{"line":51,"column":4},"end":{"line":53,"column":5}},"type":"if","locations":[{"start":{"line":51,"column":4},"end":{"line":53,"column":5}},{"start":{},"end":{}}],"line":51},"4":{"loc":{"start":{"line":51,"column":8},"end":{"line":51,"column":50}},"type":"binary-expr","locations":[{"start":{"line":51,"column":8},"end":{"line":51,"column":28}},{"start":{"line":51,"column":32},"end":{"line":51,"column":50}}],"line":51}},"s":{"0":1,"1":1,"2":1,"3":0,"4":0,"5":0,"6":0,"7":0,"8":0,"9":0,"10":0,"11":0,"12":0,"13":1,"14":0,"15":0,"16":0,"17":0,"18":0,"19":0,"20":0,"21":0,"22":0,"23":0,"24":0,"25":0,"26":0,"27":0,"28":0,"29":0,"30":0,"31":0,"32":0},"f":{"0":0,"1":0,"2":0},"b":{"0":[0,0],"1":[0,0],"2":[0,0,0],"3":[0,0],"4":[0,0]},"_coverageSchema":"1a1c01bbd47fc00a2c39e90264f33305004495a9","hash":"4d902274158fac9a21e704155f6541326a53ee8a"}
,"C:\\Users\\iatne\\Desktop\\Projeto\\StudyUP2.0\\backend\\src\\controllers\\contentController.js": {"path":"C:\\Users\\iatne\\Desktop\\Projeto\\StudyUP2.0\\backend\\src\\controllers\\contentController.js","statementMap":{"0":{"start":{"line":6,"column":0},"end":{"line":6,"column":16}},"1":{"start":{"line":8,"column":0},"end":{"line":12,"column":3}},"2":{"start":{"line":14,"column":27},"end":{"line":14,"column":37}},"3":{"start":{"line":18,"column":18},"end":{"line":21,"column":1}},"4":{"start":{"line":19,"column":4},"end":{"line":19,"column":25}},"5":{"start":{"line":19,"column":15},"end":{"line":19,"column":25}},"6":{"start":{"line":20,"column":4},"end":{"line":20,"column":86}},"7":{"start":{"line":24,"column":29},"end":{"line":92,"column":1}},"8":{"start":{"line":25,"column":2},"end":{"line":91,"column":3}},"9":{"start":{"line":26,"column":20},"end":{"line":26,"column":24}},"10":{"start":{"line":27,"column":19},"end":{"line":27,"column":23}},"11":{"start":{"line":28,"column":15},"end":{"line":28,"column":38}},"12":{"start":{"line":29,"column":23},"end":{"line":29,"column":52}},"13":{"start":{"line":32,"column":4},"end":{"line":59,"column":5}},"14":{"start":{"line":33,"column":6},"end":{"line":33,"column":59}},"15":{"start":{"line":34,"column":27},"end":{"line":40,"column":8}},"16":{"start":{"line":42,"column":6},"end":{"line":42,"column":42}},"17":{"start":{"line":44,"column":6},"end":{"line":46,"column":7}},"18":{"start":{"line":45,"column":10},"end":{"line":45,"column":41}},"19":{"start":{"line":48,"column":6},"end":{"line":48,"column":40}},"20":{"start":{"line":49,"column":6},"end":{"line":49,"column":31}},"21":{"start":{"line":50,"column":6},"end":{"line":50,"column":43}},"22":{"start":{"line":53,"column":6},"end":{"line":53,"column":69}},"23":{"start":{"line":53,"column":40},"end":{"line":53,"column":69}},"24":{"start":{"line":57,"column":9},"end":{"line":59,"column":5}},"25":{"start":{"line":62,"column":4},"end":{"line":64,"column":5}},"26":{"start":{"line":63,"column":9},"end":{"line":63,"column":95}},"27":{"start":{"line":66,"column":21},"end":{"line":66,"column":53}},"28":{"start":{"line":68,"column":24},"end":{"line":81,"column":5}},"29":{"start":{"line":83,"column":19},"end":{"line":83,"column":75}},"30":{"start":{"line":84,"column":4},"end":{"line":84,"column":65}},"31":{"start":{"line":85,"column":4},"end":{"line":85,"column":60}},"32":{"start":{"line":88,"column":4},"end":{"line":88,"column":61}},"33":{"start":{"line":89,"column":4},"end":{"line":89,"column":79}},"34":{"start":{"line":89,"column":50},"end":{"line":89,"column":79}},"35":{"start":{"line":90,"column":4},"end":{"line":90,"column":64}},"36":{"start":{"line":95,"column":27},"end":{"line":141,"column":1}},"37":{"start":{"line":96,"column":2},"end":{"line":140,"column":3}},"38":{"start":{"line":97,"column":48},"end":{"line":97,"column":57}},"39":{"start":{"line":98,"column":17},"end":{"line":98,"column":31}},"40":{"start":{"line":99,"column":19},"end":{"line":99,"column":32}},"41":{"start":{"line":101,"column":16},"end":{"line":101,"column":41}},"42":{"start":{"line":104,"column":4},"end":{"line":129,"column":5}},"43":{"start":{"line":106,"column":8},"end":{"line":120,"column":9}},"44":{"start":{"line":107,"column":12},"end":{"line":107,"column":58}},"45":{"start":{"line":110,"column":13},"end":{"line":120,"column":9}},"46":{"start":{"line":111,"column":12},"end":{"line":111,"column":64}},"47":{"start":{"line":114,"column":13},"end":{"line":120,"column":9}},"48":{"start":{"line":115,"column":12},"end":{"line":115,"column":64}},"49":{"start":{"line":119,"column":12},"end":{"line":119,"column":44}},"50":{"start":{"line":123,"column":9},"end":{"line":129,"column":5}},"51":{"start":{"line":124,"column":8},"end":{"line":124,"column":55}},"52":{"start":{"line":128,"column":8},"end":{"line":128,"column":76}},"53":{"start":{"line":128,"column":24},"end":{"line":128,"column":76}},"54":{"start":{"line":131,"column":21},"end":{"line":131,"column":38}},"55":{"start":{"line":132,"column":21},"end":{"line":132,"column":78}},"56":{"start":{"line":132,"column":47},"end":{"line":132,"column":76}},"57":{"start":{"line":134,"column":4},"end":{"line":134,"column":35}},"58":{"start":{"line":137,"column":4},"end":{"line":137,"column":74}},"59":{"start":{"line":139,"column":4},"end":{"line":139,"column":65}},"60":{"start":{"line":143,"column":29},"end":{"line":164,"column":1}},"61":{"start":{"line":144,"column":2},"end":{"line":163,"column":3}},"62":{"start":{"line":145,"column":19},"end":{"line":145,"column":29}},"63":{"start":{"line":146,"column":19},"end":{"line":146,"column":60}},"64":{"start":{"line":147,"column":20},"end":{"line":147,"column":38}},"65":{"start":{"line":149,"column":4},"end":{"line":149,"column":92}},"66":{"start":{"line":149,"column":25},"end":{"line":149,"column":92}},"67":{"start":{"line":151,"column":17},"end":{"line":151,"column":31}},"68":{"start":{"line":152,"column":4},"end":{"line":157,"column":5}},"69":{"start":{"line":153,"column":8},"end":{"line":156,"column":75}},"70":{"start":{"line":154,"column":12},"end":{"line":154,"column":88}},"71":{"start":{"line":155,"column":12},"end":{"line":155,"column":90}},"72":{"start":{"line":156,"column":21},"end":{"line":156,"column":73}},"73":{"start":{"line":159,"column":4},"end":{"line":159,"column":26}},"74":{"start":{"line":160,"column":4},"end":{"line":160,"column":59}},"75":{"start":{"line":162,"column":4},"end":{"line":162,"column":64}},"76":{"start":{"line":166,"column":29},"end":{"line":174,"column":1}},"77":{"start":{"line":167,"column":2},"end":{"line":173,"column":3}},"78":{"start":{"line":168,"column":19},"end":{"line":168,"column":29}},"79":{"start":{"line":169,"column":4},"end":{"line":169,"column":69}},"80":{"start":{"line":170,"column":4},"end":{"line":170,"column":32}},"81":{"start":{"line":172,"column":4},"end":{"line":172,"column":51}}},"fnMap":{"0":{"name":"(anonymous_0)","decl":{"start":{"line":18,"column":18},"end":{"line":18,"column":19}},"loc":{"start":{"line":18,"column":28},"end":{"line":21,"column":1}},"line":18},"1":{"name":"(anonymous_1)","decl":{"start":{"line":24,"column":29},"end":{"line":24,"column":30}},"loc":{"start":{"line":24,"column":49},"end":{"line":92,"column":1}},"line":24},"2":{"name":"(anonymous_2)","decl":{"start":{"line":95,"column":27},"end":{"line":95,"column":28}},"loc":{"start":{"line":95,"column":47},"end":{"line":141,"column":1}},"line":95},"3":{"name":"(anonymous_3)","decl":{"start":{"line":132,"column":39},"end":{"line":132,"column":40}},"loc":{"start":{"line":132,"column":47},"end":{"line":132,"column":76}},"line":132},"4":{"name":"(anonymous_4)","decl":{"start":{"line":143,"column":29},"end":{"line":143,"column":30}},"loc":{"start":{"line":143,"column":49},"end":{"line":164,"column":1}},"line":143},"5":{"name":"(anonymous_5)","decl":{"start":{"line":166,"column":29},"end":{"line":166,"column":30}},"loc":{"start":{"line":166,"column":49},"end":{"line":174,"column":1}},"line":166}},"branchMap":{"0":{"loc":{"start":{"line":19,"column":4},"end":{"line":19,"column":25}},"type":"if","locations":[{"start":{"line":19,"column":4},"end":{"line":19,"column":25}},{"start":{},"end":{}}],"line":19},"1":{"loc":{"start":{"line":28,"column":15},"end":{"line":28,"column":38}},"type":"binary-expr","locations":[{"start":{"line":28,"column":15},"end":{"line":28,"column":28}},{"start":{"line":28,"column":32},"end":{"line":28,"column":38}}],"line":28},"2":{"loc":{"start":{"line":29,"column":23},"end":{"line":29,"column":52}},"type":"binary-expr","locations":[{"start":{"line":29,"column":23},"end":{"line":29,"column":36}},{"start":{"line":29,"column":40},"end":{"line":29,"column":52}}],"line":29},"3":{"loc":{"start":{"line":32,"column":4},"end":{"line":59,"column":5}},"type":"if","locations":[{"start":{"line":32,"column":4},"end":{"line":59,"column":5}},{"start":{"line":57,"column":9},"end":{"line":59,"column":5}}],"line":32},"4":{"loc":{"start":{"line":44,"column":6},"end":{"line":46,"column":7}},"type":"if","locations":[{"start":{"line":44,"column":6},"end":{"line":46,"column":7}},{"start":{},"end":{}}],"line":44},"5":{"loc":{"start":{"line":44,"column":10},"end":{"line":44,"column":93}},"type":"binary-expr","locations":[{"start":{"line":44,"column":10},"end":{"line":44,"column":19}},{"start":{"line":44,"column":23},"end":{"line":44,"column":62}},{"start":{"line":44,"column":66},"end":{"line":44,"column":93}}],"line":44},"6":{"loc":{"start":{"line":53,"column":6},"end":{"line":53,"column":69}},"type":"if","locations":[{"start":{"line":53,"column":6},"end":{"line":53,"column":69}},{"start":{},"end":{}}],"line":53},"7":{"loc":{"start":{"line":57,"column":9},"end":{"line":59,"column":5}},"type":"if","locations":[{"start":{"line":57,"column":9},"end":{"line":59,"column":5}},{"start":{},"end":{}}],"line":57},"8":{"loc":{"start":{"line":62,"column":4},"end":{"line":64,"column":5}},"type":"if","locations":[{"start":{"line":62,"column":4},"end":{"line":64,"column":5}},{"start":{},"end":{}}],"line":62},"9":{"loc":{"start":{"line":62,"column":8},"end":{"line":62,"column":58}},"type":"binary-expr","locations":[{"start":{"line":62,"column":8},"end":{"line":62,"column":18}},{"start":{"line":62,"column":22},"end":{"line":62,"column":39}},{"start":{"line":62,"column":43},"end":{"line":62,"column":58}}],"line":62},"10":{"loc":{"start":{"line":66,"column":21},"end":{"line":66,"column":53}},"type":"binary-expr","locations":[{"start":{"line":66,"column":21},"end":{"line":66,"column":34}},{"start":{"line":66,"column":38},"end":{"line":66,"column":53}}],"line":66},"11":{"loc":{"start":{"line":69,"column":12},"end":{"line":69,"column":41}},"type":"binary-expr","locations":[{"start":{"line":69,"column":12},"end":{"line":69,"column":25}},{"start":{"line":69,"column":29},"end":{"line":69,"column":41}}],"line":69},"12":{"loc":{"start":{"line":71,"column":11},"end":{"line":71,"column":44}},"type":"binary-expr","locations":[{"start":{"line":71,"column":11},"end":{"line":71,"column":20}},{"start":{"line":71,"column":24},"end":{"line":71,"column":36}},{"start":{"line":71,"column":40},"end":{"line":71,"column":44}}],"line":71},"13":{"loc":{"start":{"line":72,"column":17},"end":{"line":72,"column":33}},"type":"binary-expr","locations":[{"start":{"line":72,"column":17},"end":{"line":72,"column":25}},{"start":{"line":72,"column":29},"end":{"line":72,"column":33}}],"line":72},"14":{"loc":{"start":{"line":73,"column":15},"end":{"line":73,"column":39}},"type":"binary-expr","locations":[{"start":{"line":73,"column":15},"end":{"line":73,"column":31}},{"start":{"line":73,"column":35},"end":{"line":73,"column":39}}],"line":73},"15":{"loc":{"start":{"line":74,"column":18},"end":{"line":74,"column":45}},"type":"binary-expr","locations":[{"start":{"line":74,"column":18},"end":{"line":74,"column":37}},{"start":{"line":74,"column":41},"end":{"line":74,"column":45}}],"line":74},"16":{"loc":{"start":{"line":75,"column":18},"end":{"line":75,"column":45}},"type":"binary-expr","locations":[{"start":{"line":75,"column":18},"end":{"line":75,"column":37}},{"start":{"line":75,"column":41},"end":{"line":75,"column":45}}],"line":75},"17":{"loc":{"start":{"line":78,"column":15},"end":{"line":78,"column":90}},"type":"cond-expr","locations":[{"start":{"line":78,"column":67},"end":{"line":78,"column":83}},{"start":{"line":78,"column":86},"end":{"line":78,"column":90}}],"line":78},"18":{"loc":{"start":{"line":78,"column":16},"end":{"line":78,"column":63}},"type":"binary-expr","locations":[{"start":{"line":78,"column":16},"end":{"line":78,"column":32}},{"start":{"line":78,"column":36},"end":{"line":78,"column":63}}],"line":78},"19":{"loc":{"start":{"line":79,"column":14},"end":{"line":79,"column":37}},"type":"binary-expr","locations":[{"start":{"line":79,"column":14},"end":{"line":79,"column":29}},{"start":{"line":79,"column":33},"end":{"line":79,"column":37}}],"line":79},"20":{"loc":{"start":{"line":89,"column":4},"end":{"line":89,"column":79}},"type":"if","locations":[{"start":{"line":89,"column":4},"end":{"line":89,"column":79}},{"start":{},"end":{}}],"line":89},"21":{"loc":{"start":{"line":89,"column":8},"end":{"line":89,"column":48}},"type":"binary-expr","locations":[{"start":{"line":89,"column":8},"end":{"line":89,"column":16}},{"start":{"line":89,"column":20},"end":{"line":89,"column":48}}],"line":89},"22":{"loc":{"start":{"line":104,"column":4},"end":{"line":129,"column":5}},"type":"if","locations":[{"start":{"line":104,"column":4},"end":{"line":129,"column":5}},{"start":{"line":123,"column":9},"end":{"line":129,"column":5}}],"line":104},"23":{"loc":{"start":{"line":106,"column":8},"end":{"line":120,"column":9}},"type":"if","locations":[{"start":{"line":106,"column":8},"end":{"line":120,"column":9}},{"start":{"line":110,"column":13},"end":{"line":120,"column":9}}],"line":106},"24":{"loc":{"start":{"line":110,"column":13},"end":{"line":120,"column":9}},"type":"if","locations":[{"start":{"line":110,"column":13},"end":{"line":120,"column":9}},{"start":{"line":114,"column":13},"end":{"line":120,"column":9}}],"line":110},"25":{"loc":{"start":{"line":114,"column":13},"end":{"line":120,"column":9}},"type":"if","locations":[{"start":{"line":114,"column":13},"end":{"line":120,"column":9}},{"start":{"line":118,"column":13},"end":{"line":120,"column":9}}],"line":114},"26":{"loc":{"start":{"line":123,"column":9},"end":{"line":129,"column":5}},"type":"if","locations":[{"start":{"line":123,"column":9},"end":{"line":129,"column":5}},{"start":{"line":127,"column":9},"end":{"line":129,"column":5}}],"line":123},"27":{"loc":{"start":{"line":128,"column":8},"end":{"line":128,"column":76}},"type":"if","locations":[{"start":{"line":128,"column":8},"end":{"line":128,"column":76}},{"start":{},"end":{}}],"line":128},"28":{"loc":{"start":{"line":149,"column":4},"end":{"line":149,"column":92}},"type":"if","locations":[{"start":{"line":149,"column":4},"end":{"line":149,"column":92}},{"start":{},"end":{}}],"line":149},"29":{"loc":{"start":{"line":152,"column":4},"end":{"line":157,"column":5}},"type":"if","locations":[{"start":{"line":152,"column":4},"end":{"line":157,"column":5}},{"start":{},"end":{}}],"line":152}},"s":{"0":1,"1":1,"2":1,"3":1,"4":0,"5":0,"6":0,"7":1,"8":0,"9":0,"10":0,"11":0,"12":0,"13":0,"14":0,"15":0,"16":0,"17":0,"18":0,"19":0,"20":0,"21":0,"22":0,"23":0,"24":0,"25":0,"26":0,"27":0,"28":0,"29":0,"30":0,"31":0,"32":0,"33":0,"34":0,"35":0,"36":1,"37":0,"38":0,"39":0,"40":0,"41":0,"42":0,"43":0,"44":0,"45":0,"46":0,"47":0,"48":0,"49":0,"50":0,"51":0,"52":0,"53":0,"54":0,"55":0,"56":0,"57":0,"58":0,"59":0,"60":1,"61":0,"62":0,"63":0,"64":0,"65":0,"66":0,"67":0,"68":0,"69":0,"70":0,"71":0,"72":0,"73":0,"74":0,"75":0,"76":1,"77":0,"78":0,"79":0,"80":0,"81":0},"f":{"0":0,"1":0,"2":0,"3":0,"4":0,"5":0},"b":{"0":[0,0],"1":[0,0],"2":[0,0],"3":[0,0],"4":[0,0],"5":[0,0,0],"6":[0,0],"7":[0,0],"8":[0,0],"9":[0,0,0],"10":[0,0],"11":[0,0],"12":[0,0,0],"13":[0,0],"14":[0,0],"15":[0,0],"16":[0,0],"17":[0,0],"18":[0,0],"19":[0,0],"20":[0,0],"21":[0,0],"22":[0,0],"23":[0,0],"24":[0,0],"25":[0,0],"26":[0,0],"27":[0,0],"28":[0,0],"29":[0,0]},"_coverageSchema":"1a1c01bbd47fc00a2c39e90264f33305004495a9","hash":"c2bc14d4d77aedd57ce035a0e28987f99b806c7f"}
,"C:\\Users\\iatne\\Desktop\\Projeto\\StudyUP2.0\\backend\\src\\controllers\\dashboardController.js": {"path":"C:\\Users\\iatne\\Desktop\\Projeto\\StudyUP2.0\\backend\\src\\controllers\\dashboardController.js","statementMap":{"0":{"start":{"line":7,"column":24},"end":{"line":31,"column":1}},"1":{"start":{"line":8,"column":2},"end":{"line":30,"column":3}},"2":{"start":{"line":9,"column":28},"end":{"line":9,"column":50}},"3":{"start":{"line":10,"column":25},"end":{"line":10,"column":85}},"4":{"start":{"line":11,"column":25},"end":{"line":11,"column":85}},"5":{"start":{"line":12,"column":23},"end":{"line":12,"column":61}},"6":{"start":{"line":14,"column":62},"end":{"line":18,"column":6}},"7":{"start":{"line":20,"column":18},"end":{"line":24,"column":5}},"8":{"start":{"line":26,"column":4},"end":{"line":26,"column":32}},"9":{"start":{"line":28,"column":4},"end":{"line":28,"column":65}},"10":{"start":{"line":29,"column":4},"end":{"line":29,"column":16}},"11":{"start":{"line":37,"column":30},"end":{"line":100,"column":1}},"12":{"start":{"line":38,"column":2},"end":{"line":99,"column":3}},"13":{"start":{"line":39,"column":35},"end":{"line":39,"column":44}},"14":{"start":{"line":40,"column":21},"end":{"line":40,"column":74}},"15":{"start":{"line":43,"column":4},"end":{"line":65,"column":5}},"16":{"start":{"line":44,"column":6},"end":{"line":44,"column":62}},"17":{"start":{"line":47,"column":9},"end":{"line":65,"column":5}},"18":{"start":{"line":49,"column":26},"end":{"line":49,"column":98}},"19":{"start":{"line":51,"column":6},"end":{"line":54,"column":7}},"20":{"start":{"line":53,"column":8},"end":{"line":53,"column":40}},"21":{"start":{"line":56,"column":25},"end":{"line":56,"column":60}},"22":{"start":{"line":56,"column":53},"end":{"line":56,"column":59}},"23":{"start":{"line":60,"column":6},"end":{"line":64,"column":7}},"24":{"start":{"line":63,"column":9},"end":{"line":63,"column":81}},"25":{"start":{"line":68,"column":21},"end":{"line":68,"column":79}},"26":{"start":{"line":70,"column":4},"end":{"line":72,"column":5}},"27":{"start":{"line":71,"column":6},"end":{"line":71,"column":38}},"28":{"start":{"line":75,"column":27},"end":{"line":75,"column":63}},"29":{"start":{"line":76,"column":21},"end":{"line":76,"column":30}},"30":{"start":{"line":77,"column":4},"end":{"line":77,"column":73}},"31":{"start":{"line":77,"column":34},"end":{"line":77,"column":71}},"32":{"start":{"line":79,"column":24},"end":{"line":88,"column":6}},"33":{"start":{"line":80,"column":19},"end":{"line":80,"column":29}},"34":{"start":{"line":81,"column":6},"end":{"line":87,"column":8}},"35":{"start":{"line":90,"column":4},"end":{"line":90,"column":38}},"36":{"start":{"line":93,"column":4},"end":{"line":93,"column":71}},"37":{"start":{"line":95,"column":4},"end":{"line":97,"column":5}},"38":{"start":{"line":96,"column":7},"end":{"line":96,"column":133}},"39":{"start":{"line":98,"column":4},"end":{"line":98,"column":16}}},"fnMap":{"0":{"name":"(anonymous_0)","decl":{"start":{"line":7,"column":24},"end":{"line":7,"column":25}},"loc":{"start":{"line":7,"column":50},"end":{"line":31,"column":1}},"line":7},"1":{"name":"(anonymous_1)","decl":{"start":{"line":37,"column":30},"end":{"line":37,"column":31}},"loc":{"start":{"line":37,"column":56},"end":{"line":100,"column":1}},"line":37},"2":{"name":"(anonymous_2)","decl":{"start":{"line":56,"column":46},"end":{"line":56,"column":47}},"loc":{"start":{"line":56,"column":53},"end":{"line":56,"column":59}},"line":56},"3":{"name":"(anonymous_3)","decl":{"start":{"line":77,"column":27},"end":{"line":77,"column":28}},"loc":{"start":{"line":77,"column":34},"end":{"line":77,"column":71}},"line":77},"4":{"name":"(anonymous_4)","decl":{"start":{"line":79,"column":42},"end":{"line":79,"column":43}},"loc":{"start":{"line":79,"column":49},"end":{"line":88,"column":5}},"line":79}},"branchMap":{"0":{"loc":{"start":{"line":43,"column":4},"end":{"line":65,"column":5}},"type":"if","locations":[{"start":{"line":43,"column":4},"end":{"line":65,"column":5}},{"start":{"line":47,"column":9},"end":{"line":65,"column":5}}],"line":43},"1":{"loc":{"start":{"line":47,"column":9},"end":{"line":65,"column":5}},"type":"if","locations":[{"start":{"line":47,"column":9},"end":{"line":65,"column":5}},{"start":{},"end":{}}],"line":47},"2":{"loc":{"start":{"line":51,"column":6},"end":{"line":54,"column":7}},"type":"if","locations":[{"start":{"line":51,"column":6},"end":{"line":54,"column":7}},{"start":{},"end":{}}],"line":51},"3":{"loc":{"start":{"line":60,"column":6},"end":{"line":64,"column":7}},"type":"if","locations":[{"start":{"line":60,"column":6},"end":{"line":64,"column":7}},{"start":{},"end":{}}],"line":60},"4":{"loc":{"start":{"line":70,"column":4},"end":{"line":72,"column":5}},"type":"if","locations":[{"start":{"line":70,"column":4},"end":{"line":72,"column":5}},{"start":{},"end":{}}],"line":70},"5":{"loc":{"start":{"line":85,"column":16},"end":{"line":85,"column":32}},"type":"binary-expr","locations":[{"start":{"line":85,"column":16},"end":{"line":85,"column":27}},{"start":{"line":85,"column":31},"end":{"line":85,"column":32}}],"line":85},"6":{"loc":{"start":{"line":86,"column":19},"end":{"line":86,"column":91}},"type":"cond-expr","locations":[{"start":{"line":86,"column":35},"end":{"line":86,"column":76}},{"start":{"line":86,"column":80},"end":{"line":86,"column":91}}],"line":86},"7":{"loc":{"start":{"line":86,"column":35},"end":{"line":86,"column":76}},"type":"binary-expr","locations":[{"start":{"line":86,"column":35},"end":{"line":86,"column":61}},{"start":{"line":86,"column":65},"end":{"line":86,"column":76}}],"line":86},"8":{"loc":{"start":{"line":95,"column":4},"end":{"line":97,"column":5}},"type":"if","locations":[{"start":{"line":95,"column":4},"end":{"line":97,"column":5}},{"start":{},"end":{}}],"line":95}},"s":{"0":1,"1":0,"2":0,"3":0,"4":0,"5":0,"6":0,"7":0,"8":0,"9":0,"10":0,"11":1,"12":0,"13":0,"14":0,"15":0,"16":0,"17":0,"18":0,"19":0,"20":0,"21":0,"22":0,"23":0,"24":0,"25":0,"26":0,"27":0,"28":0,"29":0,"30":0,"31":0,"32":0,"33":0,"34":0,"35":0,"36":0,"37":0,"38":0,"39":0},"f":{"0":0,"1":0,"2":0,"3":0,"4":0},"b":{"0":[0,0],"1":[0,0],"2":[0,0],"3":[0,0],"4":[0,0],"5":[0,0],"6":[0,0],"7":[0,0],"8":[0,0]},"_coverageSchema":"1a1c01bbd47fc00a2c39e90264f33305004495a9","hash":"571f5e17339fa405827a6d2fc22855ef82c70cc3"}
,"C:\\Users\\iatne\\Desktop\\Projeto\\StudyUP2.0\\backend\\src\\controllers\\newsController.js": {"path":"C:\\Users\\iatne\\Desktop\\Projeto\\StudyUP2.0\\backend\\src\\controllers\\newsController.js","statementMap":{"0":{"start":{"line":8,"column":26},"end":{"line":40,"column":1}},"1":{"start":{"line":9,"column":2},"end":{"line":39,"column":3}},"2":{"start":{"line":10,"column":49},"end":{"line":10,"column":57}},"3":{"start":{"line":13,"column":4},"end":{"line":15,"column":5}},"4":{"start":{"line":14,"column":6},"end":{"line":14,"column":90}},"5":{"start":{"line":18,"column":4},"end":{"line":20,"column":5}},"6":{"start":{"line":19,"column":6},"end":{"line":19,"column":81}},"7":{"start":{"line":22,"column":24},"end":{"line":30,"column":5}},"8":{"start":{"line":32,"column":19},"end":{"line":32,"column":63}},"9":{"start":{"line":34,"column":4},"end":{"line":34,"column":60}},"10":{"start":{"line":37,"column":4},"end":{"line":37,"column":62}},"11":{"start":{"line":38,"column":4},"end":{"line":38,"column":16}},"12":{"start":{"line":46,"column":23},"end":{"line":79,"column":1}},"13":{"start":{"line":47,"column":2},"end":{"line":78,"column":3}},"14":{"start":{"line":49,"column":21},"end":{"line":49,"column":30}},"15":{"start":{"line":51,"column":16},"end":{"line":51,"column":66}},"16":{"start":{"line":53,"column":4},"end":{"line":55,"column":5}},"17":{"start":{"line":54,"column":6},"end":{"line":54,"column":46}},"18":{"start":{"line":58,"column":21},"end":{"line":58,"column":48}},"19":{"start":{"line":60,"column":4},"end":{"line":62,"column":5}},"20":{"start":{"line":61,"column":6},"end":{"line":61,"column":38}},"21":{"start":{"line":64,"column":21},"end":{"line":67,"column":7}},"22":{"start":{"line":64,"column":47},"end":{"line":67,"column":5}},"23":{"start":{"line":69,"column":4},"end":{"line":69,"column":35}},"24":{"start":{"line":72,"column":4},"end":{"line":72,"column":59}},"25":{"start":{"line":74,"column":4},"end":{"line":76,"column":5}},"26":{"start":{"line":75,"column":7},"end":{"line":75,"column":101}},"27":{"start":{"line":77,"column":4},"end":{"line":77,"column":16}},"28":{"start":{"line":84,"column":26},"end":{"line":101,"column":1}},"29":{"start":{"line":85,"column":2},"end":{"line":100,"column":3}},"30":{"start":{"line":86,"column":19},"end":{"line":86,"column":29}},"31":{"start":{"line":87,"column":4},"end":{"line":87,"column":71}},"32":{"start":{"line":87,"column":13},"end":{"line":87,"column":71}},"33":{"start":{"line":89,"column":19},"end":{"line":89,"column":48}},"34":{"start":{"line":90,"column":16},"end":{"line":90,"column":34}},"35":{"start":{"line":92,"column":4},"end":{"line":92,"column":87}},"36":{"start":{"line":92,"column":21},"end":{"line":92,"column":87}},"37":{"start":{"line":94,"column":4},"end":{"line":94,"column":26}},"38":{"start":{"line":95,"column":4},"end":{"line":95,"column":62}},"39":{"start":{"line":98,"column":4},"end":{"line":98,"column":62}},"40":{"start":{"line":99,"column":4},"end":{"line":99,"column":16}}},"fnMap":{"0":{"name":"(anonymous_0)","decl":{"start":{"line":8,"column":26},"end":{"line":8,"column":27}},"loc":{"start":{"line":8,"column":52},"end":{"line":40,"column":1}},"line":8},"1":{"name":"(anonymous_1)","decl":{"start":{"line":46,"column":23},"end":{"line":46,"column":24}},"loc":{"start":{"line":46,"column":49},"end":{"line":79,"column":1}},"line":46},"2":{"name":"(anonymous_2)","decl":{"start":{"line":64,"column":39},"end":{"line":64,"column":40}},"loc":{"start":{"line":64,"column":47},"end":{"line":67,"column":5}},"line":64},"3":{"name":"(anonymous_3)","decl":{"start":{"line":84,"column":26},"end":{"line":84,"column":27}},"loc":{"start":{"line":84,"column":52},"end":{"line":101,"column":1}},"line":84}},"branchMap":{"0":{"loc":{"start":{"line":13,"column":4},"end":{"line":15,"column":5}},"type":"if","locations":[{"start":{"line":13,"column":4},"end":{"line":15,"column":5}},{"start":{},"end":{}}],"line":13},"1":{"loc":{"start":{"line":13,"column":8},"end":{"line":13,"column":35}},"type":"binary-expr","locations":[{"start":{"line":13,"column":8},"end":{"line":13,"column":14}},{"start":{"line":13,"column":18},"end":{"line":13,"column":26}},{"start":{"line":13,"column":30},"end":{"line":13,"column":35}}],"line":13},"2":{"loc":{"start":{"line":18,"column":4},"end":{"line":20,"column":5}},"type":"if","locations":[{"start":{"line":18,"column":4},"end":{"line":20,"column":5}},{"start":{},"end":{}}],"line":18},"3":{"loc":{"start":{"line":18,"column":8},"end":{"line":18,"column":44}},"type":"binary-expr","locations":[{"start":{"line":18,"column":8},"end":{"line":18,"column":24}},{"start":{"line":18,"column":29},"end":{"line":18,"column":34}},{"start":{"line":18,"column":38},"end":{"line":18,"column":43}}],"line":18},"4":{"loc":{"start":{"line":26,"column":17},"end":{"line":26,"column":29}},"type":"binary-expr","locations":[{"start":{"line":26,"column":17},"end":{"line":26,"column":21}},{"start":{"line":26,"column":25},"end":{"line":26,"column":29}}],"line":26},"5":{"loc":{"start":{"line":27,"column":17},"end":{"line":27,"column":29}},"type":"binary-expr","locations":[{"start":{"line":27,"column":17},"end":{"line":27,"column":21}},{"start":{"line":27,"column":25},"end":{"line":27,"column":29}}],"line":27},"6":{"loc":{"start":{"line":53,"column":4},"end":{"line":55,"column":5}},"type":"if","locations":[{"start":{"line":53,"column":4},"end":{"line":55,"column":5}},{"start":{},"end":{}}],"line":53},"7":{"loc":{"start":{"line":60,"column":4},"end":{"line":62,"column":5}},"type":"if","locations":[{"start":{"line":60,"column":4},"end":{"line":62,"column":5}},{"start":{},"end":{}}],"line":60},"8":{"loc":{"start":{"line":74,"column":4},"end":{"line":76,"column":5}},"type":"if","locations":[{"start":{"line":74,"column":4},"end":{"line":76,"column":5}},{"start":{},"end":{}}],"line":74},"9":{"loc":{"start":{"line":87,"column":4},"end":{"line":87,"column":71}},"type":"if","locations":[{"start":{"line":87,"column":4},"end":{"line":87,"column":71}},{"start":{},"end":{}}],"line":87},"10":{"loc":{"start":{"line":92,"column":4},"end":{"line":92,"column":87}},"type":"if","locations":[{"start":{"line":92,"column":4},"end":{"line":92,"column":87}},{"start":{},"end":{}}],"line":92}},"s":{"0":1,"1":0,"2":0,"3":0,"4":0,"5":0,"6":0,"7":0,"8":0,"9":0,"10":0,"11":0,"12":1,"13":0,"14":0,"15":0,"16":0,"17":0,"18":0,"19":0,"20":0,"21":0,"22":0,"23":0,"24":0,"25":0,"26":0,"27":0,"28":1,"29":0,"30":0,"31":0,"32":0,"33":0,"34":0,"35":0,"36":0,"37":0,"38":0,"39":0,"40":0},"f":{"0":0,"1":0,"2":0,"3":0},"b":{"0":[0,0],"1":[0,0,0],"2":[0,0],"3":[0,0,0],"4":[0,0],"5":[0,0],"6":[0,0],"7":[0,0],"8":[0,0],"9":[0,0],"10":[0,0]},"_coverageSchema":"1a1c01bbd47fc00a2c39e90264f33305004495a9","hash":"81e475c67790348721a0514be959d59866974380"}
,"C:\\Users\\iatne\\Desktop\\Projeto\\StudyUP2.0\\backend\\src\\controllers\\planController.js": {"path":"C:\\Users\\iatne\\Desktop\\Projeto\\StudyUP2.0\\backend\\src\\controllers\\planController.js","statementMap":{"0":{"start":{"line":13,"column":24},"end":{"line":64,"column":1}},"1":{"start":{"line":14,"column":2},"end":{"line":63,"column":3}},"2":{"start":{"line":15,"column":39},"end":{"line":15,"column":48}},"3":{"start":{"line":17,"column":19},"end":{"line":17,"column":67}},"4":{"start":{"line":19,"column":4},"end":{"line":19,"column":65}},"5":{"start":{"line":20,"column":4},"end":{"line":20,"column":54}},"6":{"start":{"line":24,"column":21},"end":{"line":24,"column":55}},"7":{"start":{"line":26,"column":4},"end":{"line":28,"column":5}},"8":{"start":{"line":27,"column":8},"end":{"line":27,"column":40}},"9":{"start":{"line":31,"column":16},"end":{"line":39,"column":10}},"10":{"start":{"line":32,"column":21},"end":{"line":32,"column":50}},"11":{"start":{"line":38,"column":12},"end":{"line":38,"column":58}},"12":{"start":{"line":41,"column":4},"end":{"line":41,"column":64}},"13":{"start":{"line":44,"column":4},"end":{"line":53,"column":5}},"14":{"start":{"line":45,"column":8},"end":{"line":45,"column":63}},"15":{"start":{"line":45,"column":34},"end":{"line":45,"column":61}},"16":{"start":{"line":47,"column":9},"end":{"line":53,"column":5}},"17":{"start":{"line":48,"column":22},"end":{"line":48,"column":53}},"18":{"start":{"line":49,"column":8},"end":{"line":52,"column":11}},"19":{"start":{"line":50,"column":26},"end":{"line":50,"column":112}},"20":{"start":{"line":51,"column":12},"end":{"line":51,"column":41}},"21":{"start":{"line":56,"column":4},"end":{"line":56,"column":72}},"22":{"start":{"line":56,"column":25},"end":{"line":56,"column":70}},"23":{"start":{"line":58,"column":4},"end":{"line":58,"column":32}},"24":{"start":{"line":61,"column":4},"end":{"line":61,"column":47}},"25":{"start":{"line":62,"column":4},"end":{"line":62,"column":53}},"26":{"start":{"line":66,"column":29},"end":{"line":70,"column":3}},"27":{"start":{"line":67,"column":16},"end":{"line":67,"column":69}},"28":{"start":{"line":68,"column":4},"end":{"line":68,"column":85}},"29":{"start":{"line":68,"column":21},"end":{"line":68,"column":85}},"30":{"start":{"line":69,"column":4},"end":{"line":69,"column":56}},"31":{"start":{"line":72,"column":27},"end":{"line":82,"column":1}},"32":{"start":{"line":73,"column":2},"end":{"line":81,"column":3}},"33":{"start":{"line":74,"column":19},"end":{"line":74,"column":29}},"34":{"start":{"line":75,"column":4},"end":{"line":75,"column":50}},"35":{"start":{"line":77,"column":4},"end":{"line":77,"column":56}},"36":{"start":{"line":79,"column":4},"end":{"line":79,"column":45}},"37":{"start":{"line":80,"column":4},"end":{"line":80,"column":61}},"38":{"start":{"line":85,"column":26},"end":{"line":128,"column":1}},"39":{"start":{"line":86,"column":2},"end":{"line":127,"column":3}},"40":{"start":{"line":87,"column":63},"end":{"line":87,"column":71}},"41":{"start":{"line":88,"column":17},"end":{"line":88,"column":25}},"42":{"start":{"line":89,"column":19},"end":{"line":89,"column":51}},"43":{"start":{"line":91,"column":4},"end":{"line":91,"column":99}},"44":{"start":{"line":91,"column":30},"end":{"line":91,"column":99}},"45":{"start":{"line":93,"column":17},"end":{"line":93,"column":21}},"46":{"start":{"line":95,"column":4},"end":{"line":108,"column":5}},"47":{"start":{"line":96,"column":6},"end":{"line":96,"column":71}},"48":{"start":{"line":97,"column":27},"end":{"line":101,"column":8}},"49":{"start":{"line":104,"column":6},"end":{"line":104,"column":61}},"50":{"start":{"line":104,"column":36},"end":{"line":104,"column":61}},"51":{"start":{"line":105,"column":6},"end":{"line":105,"column":39}},"52":{"start":{"line":107,"column":6},"end":{"line":107,"column":75}},"53":{"start":{"line":110,"column":20},"end":{"line":119,"column":5}},"54":{"start":{"line":121,"column":19},"end":{"line":121,"column":60}},"55":{"start":{"line":122,"column":4},"end":{"line":122,"column":82}},"56":{"start":{"line":125,"column":4},"end":{"line":125,"column":79}},"57":{"start":{"line":125,"column":50},"end":{"line":125,"column":79}},"58":{"start":{"line":126,"column":4},"end":{"line":126,"column":51}},"59":{"start":{"line":131,"column":26},"end":{"line":155,"column":1}},"60":{"start":{"line":132,"column":2},"end":{"line":154,"column":3}},"61":{"start":{"line":133,"column":19},"end":{"line":133,"column":29}},"62":{"start":{"line":134,"column":20},"end":{"line":134,"column":28}},"63":{"start":{"line":135,"column":17},"end":{"line":135,"column":25}},"64":{"start":{"line":137,"column":4},"end":{"line":146,"column":5}},"65":{"start":{"line":138,"column":8},"end":{"line":138,"column":78}},"66":{"start":{"line":139,"column":29},"end":{"line":143,"column":10}},"67":{"start":{"line":144,"column":8},"end":{"line":144,"column":63}},"68":{"start":{"line":144,"column":38},"end":{"line":144,"column":63}},"69":{"start":{"line":145,"column":8},"end":{"line":145,"column":49}},"70":{"start":{"line":148,"column":4},"end":{"line":148,"column":57}},"71":{"start":{"line":149,"column":4},"end":{"line":149,"column":53}},"72":{"start":{"line":152,"column":4},"end":{"line":152,"column":79}},"73":{"start":{"line":152,"column":50},"end":{"line":152,"column":79}},"74":{"start":{"line":153,"column":4},"end":{"line":153,"column":16}}},"fnMap":{"0":{"name":"(anonymous_0)","decl":{"start":{"line":13,"column":24},"end":{"line":13,"column":25}},"loc":{"start":{"line":13,"column":44},"end":{"line":64,"column":1}},"line":13},"1":{"name":"(anonymous_1)","decl":{"start":{"line":32,"column":13},"end":{"line":32,"column":14}},"loc":{"start":{"line":32,"column":21},"end":{"line":32,"column":50}},"line":32},"2":{"name":"(anonymous_2)","decl":{"start":{"line":33,"column":16},"end":{"line":33,"column":17}},"loc":{"start":{"line":33,"column":21},"end":{"line":39,"column":9}},"line":33},"3":{"name":"(anonymous_3)","decl":{"start":{"line":45,"column":29},"end":{"line":45,"column":30}},"loc":{"start":{"line":45,"column":34},"end":{"line":45,"column":61}},"line":45},"4":{"name":"(anonymous_4)","decl":{"start":{"line":49,"column":29},"end":{"line":49,"column":30}},"loc":{"start":{"line":49,"column":34},"end":{"line":52,"column":9}},"line":49},"5":{"name":"(anonymous_5)","decl":{"start":{"line":56,"column":15},"end":{"line":56,"column":16}},"loc":{"start":{"line":56,"column":25},"end":{"line":56,"column":70}},"line":56},"6":{"name":"(anonymous_6)","decl":{"start":{"line":66,"column":29},"end":{"line":66,"column":30}},"loc":{"start":{"line":66,"column":49},"end":{"line":70,"column":3}},"line":66},"7":{"name":"(anonymous_7)","decl":{"start":{"line":72,"column":27},"end":{"line":72,"column":28}},"loc":{"start":{"line":72,"column":47},"end":{"line":82,"column":1}},"line":72},"8":{"name":"(anonymous_8)","decl":{"start":{"line":85,"column":26},"end":{"line":85,"column":27}},"loc":{"start":{"line":85,"column":46},"end":{"line":128,"column":1}},"line":85},"9":{"name":"(anonymous_9)","decl":{"start":{"line":131,"column":26},"end":{"line":131,"column":27}},"loc":{"start":{"line":131,"column":52},"end":{"line":155,"column":1}},"line":131}},"branchMap":{"0":{"loc":{"start":{"line":17,"column":19},"end":{"line":17,"column":67}},"type":"cond-expr","locations":[{"start":{"line":17,"column":48},"end":{"line":17,"column":60}},{"start":{"line":17,"column":63},"end":{"line":17,"column":67}}],"line":17},"1":{"loc":{"start":{"line":17,"column":20},"end":{"line":17,"column":44}},"type":"binary-expr","locations":[{"start":{"line":17,"column":20},"end":{"line":17,"column":28}},{"start":{"line":17,"column":32},"end":{"line":17,"column":44}}],"line":17},"2":{"loc":{"start":{"line":20,"column":30},"end":{"line":20,"column":52}},"type":"binary-expr","locations":[{"start":{"line":20,"column":30},"end":{"line":20,"column":36}},{"start":{"line":20,"column":40},"end":{"line":20,"column":52}}],"line":20},"3":{"loc":{"start":{"line":26,"column":4},"end":{"line":28,"column":5}},"type":"if","locations":[{"start":{"line":26,"column":4},"end":{"line":28,"column":5}},{"start":{},"end":{}}],"line":26},"4":{"loc":{"start":{"line":38,"column":19},"end":{"line":38,"column":57}},"type":"binary-expr","locations":[{"start":{"line":38,"column":19},"end":{"line":38,"column":41}},{"start":{"line":38,"column":45},"end":{"line":38,"column":57}}],"line":38},"5":{"loc":{"start":{"line":44,"column":4},"end":{"line":53,"column":5}},"type":"if","locations":[{"start":{"line":44,"column":4},"end":{"line":53,"column":5}},{"start":{"line":47,"column":9},"end":{"line":53,"column":5}}],"line":44},"6":{"loc":{"start":{"line":47,"column":9},"end":{"line":53,"column":5}},"type":"if","locations":[{"start":{"line":47,"column":9},"end":{"line":53,"column":5}},{"start":{},"end":{}}],"line":47},"7":{"loc":{"start":{"line":68,"column":4},"end":{"line":68,"column":85}},"type":"if","locations":[{"start":{"line":68,"column":4},"end":{"line":68,"column":85}},{"start":{},"end":{}}],"line":68},"8":{"loc":{"start":{"line":89,"column":19},"end":{"line":89,"column":51}},"type":"binary-expr","locations":[{"start":{"line":89,"column":19},"end":{"line":89,"column":32}},{"start":{"line":89,"column":36},"end":{"line":89,"column":51}}],"line":89},"9":{"loc":{"start":{"line":91,"column":4},"end":{"line":91,"column":99}},"type":"if","locations":[{"start":{"line":91,"column":4},"end":{"line":91,"column":99}},{"start":{},"end":{}}],"line":91},"10":{"loc":{"start":{"line":91,"column":8},"end":{"line":91,"column":28}},"type":"binary-expr","locations":[{"start":{"line":91,"column":8},"end":{"line":91,"column":13}},{"start":{"line":91,"column":17},"end":{"line":91,"column":28}}],"line":91},"11":{"loc":{"start":{"line":95,"column":4},"end":{"line":108,"column":5}},"type":"if","locations":[{"start":{"line":95,"column":4},"end":{"line":108,"column":5}},{"start":{"line":106,"column":11},"end":{"line":108,"column":5}}],"line":95},"12":{"loc":{"start":{"line":104,"column":6},"end":{"line":104,"column":61}},"type":"if","locations":[{"start":{"line":104,"column":6},"end":{"line":104,"column":61}},{"start":{},"end":{}}],"line":104},"13":{"loc":{"start":{"line":112,"column":18},"end":{"line":112,"column":36}},"type":"binary-expr","locations":[{"start":{"line":112,"column":18},"end":{"line":112,"column":28}},{"start":{"line":112,"column":32},"end":{"line":112,"column":36}}],"line":112},"14":{"loc":{"start":{"line":113,"column":15},"end":{"line":113,"column":28}},"type":"binary-expr","locations":[{"start":{"line":113,"column":15},"end":{"line":113,"column":22}},{"start":{"line":113,"column":26},"end":{"line":113,"column":28}}],"line":113},"15":{"loc":{"start":{"line":114,"column":15},"end":{"line":114,"column":28}},"type":"binary-expr","locations":[{"start":{"line":114,"column":15},"end":{"line":114,"column":22}},{"start":{"line":114,"column":26},"end":{"line":114,"column":28}}],"line":114},"16":{"loc":{"start":{"line":125,"column":4},"end":{"line":125,"column":79}},"type":"if","locations":[{"start":{"line":125,"column":4},"end":{"line":125,"column":79}},{"start":{},"end":{}}],"line":125},"17":{"loc":{"start":{"line":125,"column":8},"end":{"line":125,"column":48}},"type":"binary-expr","locations":[{"start":{"line":125,"column":8},"end":{"line":125,"column":16}},{"start":{"line":125,"column":20},"end":{"line":125,"column":48}}],"line":125},"18":{"loc":{"start":{"line":137,"column":4},"end":{"line":146,"column":5}},"type":"if","locations":[{"start":{"line":137,"column":4},"end":{"line":146,"column":5}},{"start":{},"end":{}}],"line":137},"19":{"loc":{"start":{"line":144,"column":8},"end":{"line":144,"column":63}},"type":"if","locations":[{"start":{"line":144,"column":8},"end":{"line":144,"column":63}},{"start":{},"end":{}}],"line":144},"20":{"loc":{"start":{"line":152,"column":4},"end":{"line":152,"column":79}},"type":"if","locations":[{"start":{"line":152,"column":4},"end":{"line":152,"column":79}},{"start":{},"end":{}}],"line":152},"21":{"loc":{"start":{"line":152,"column":8},"end":{"line":152,"column":48}},"type":"binary-expr","locations":[{"start":{"line":152,"column":8},"end":{"line":152,"column":16}},{"start":{"line":152,"column":20},"end":{"line":152,"column":48}}],"line":152}},"s":{"0":1,"1":0,"2":0,"3":0,"4":0,"5":0,"6":0,"7":0,"8":0,"9":0,"10":0,"11":0,"12":0,"13":0,"14":0,"15":0,"16":0,"17":0,"18":0,"19":0,"20":0,"21":0,"22":0,"23":0,"24":0,"25":0,"26":1,"27":0,"28":0,"29":0,"30":0,"31":1,"32":0,"33":0,"34":0,"35":0,"36":0,"37":0,"38":1,"39":0,"40":0,"41":0,"42":0,"43":0,"44":0,"45":0,"46":0,"47":0,"48":0,"49":0,"50":0,"51":0,"52":0,"53":0,"54":0,"55":0,"56":0,"57":0,"58":0,"59":1,"60":0,"61":0,"62":0,"63":0,"64":0,"65":0,"66":0,"67":0,"68":0,"69":0,"70":0,"71":0,"72":0,"73":0,"74":0},"f":{"0":0,"1":0,"2":0,"3":0,"4":0,"5":0,"6":0,"7":0,"8":0,"9":0},"b":{"0":[0,0],"1":[0,0],"2":[0,0],"3":[0,0],"4":[0,0],"5":[0,0],"6":[0,0],"7":[0,0],"8":[0,0],"9":[0,0],"10":[0,0],"11":[0,0],"12":[0,0],"13":[0,0],"14":[0,0],"15":[0,0],"16":[0,0],"17":[0,0],"18":[0,0],"19":[0,0],"20":[0,0],"21":[0,0]},"_coverageSchema":"1a1c01bbd47fc00a2c39e90264f33305004495a9","hash":"fd5651f10c5a3d505fe19651f705f961cdfd63a5"}
,"C:\\Users\\iatne\\Desktop\\Projeto\\StudyUP2.0\\backend\\src\\controllers\\postController.js": {"path":"C:\\Users\\iatne\\Desktop\\Projeto\\StudyUP2.0\\backend\\src\\controllers\\postController.js","statementMap":{"0":{"start":{"line":3,"column":24},"end":{"line":3,"column":36}},"1":{"start":{"line":8,"column":27},"end":{"line":34,"column":1}},"2":{"start":{"line":9,"column":2},"end":{"line":33,"column":3}},"3":{"start":{"line":10,"column":32},"end":{"line":10,"column":41}},"4":{"start":{"line":11,"column":20},"end":{"line":11,"column":28}},"5":{"start":{"line":12,"column":16},"end":{"line":12,"column":46}},"6":{"start":{"line":14,"column":4},"end":{"line":16,"column":5}},"7":{"start":{"line":15,"column":6},"end":{"line":15,"column":52}},"8":{"start":{"line":18,"column":4},"end":{"line":20,"column":5}},"9":{"start":{"line":19,"column":6},"end":{"line":19,"column":49}},"10":{"start":{"line":22,"column":21},"end":{"line":22,"column":67}},"11":{"start":{"line":24,"column":4},"end":{"line":26,"column":5}},"12":{"start":{"line":25,"column":6},"end":{"line":25,"column":38}},"13":{"start":{"line":27,"column":18},"end":{"line":27,"column":75}},"14":{"start":{"line":27,"column":44},"end":{"line":27,"column":73}},"15":{"start":{"line":28,"column":4},"end":{"line":28,"column":32}},"16":{"start":{"line":31,"column":4},"end":{"line":31,"column":71}},"17":{"start":{"line":32,"column":4},"end":{"line":32,"column":61}},"18":{"start":{"line":38,"column":26},"end":{"line":69,"column":1}},"19":{"start":{"line":39,"column":2},"end":{"line":68,"column":3}},"20":{"start":{"line":40,"column":30},"end":{"line":40,"column":38}},"21":{"start":{"line":41,"column":45},"end":{"line":41,"column":53}},"22":{"start":{"line":43,"column":4},"end":{"line":45,"column":5}},"23":{"start":{"line":44,"column":6},"end":{"line":44,"column":86}},"24":{"start":{"line":47,"column":21},"end":{"line":47,"column":64}},"25":{"start":{"line":48,"column":4},"end":{"line":50,"column":5}},"26":{"start":{"line":49,"column":6},"end":{"line":49,"column":45}},"27":{"start":{"line":52,"column":20},"end":{"line":60,"column":5}},"28":{"start":{"line":62,"column":19},"end":{"line":62,"column":68}},"29":{"start":{"line":63,"column":4},"end":{"line":63,"column":56}},"30":{"start":{"line":66,"column":4},"end":{"line":66,"column":70}},"31":{"start":{"line":67,"column":4},"end":{"line":67,"column":59}},"32":{"start":{"line":74,"column":24},"end":{"line":104,"column":1}},"33":{"start":{"line":75,"column":2},"end":{"line":103,"column":3}},"34":{"start":{"line":76,"column":23},"end":{"line":76,"column":33}},"35":{"start":{"line":77,"column":20},"end":{"line":77,"column":28}},"36":{"start":{"line":79,"column":20},"end":{"line":79,"column":62}},"37":{"start":{"line":80,"column":20},"end":{"line":80,"column":39}},"38":{"start":{"line":82,"column":4},"end":{"line":84,"column":5}},"39":{"start":{"line":83,"column":6},"end":{"line":83,"column":69}},"40":{"start":{"line":86,"column":21},"end":{"line":86,"column":35}},"41":{"start":{"line":87,"column":25},"end":{"line":87,"column":47}},"42":{"start":{"line":89,"column":4},"end":{"line":99,"column":5}},"43":{"start":{"line":90,"column":6},"end":{"line":92,"column":9}},"44":{"start":{"line":93,"column":6},"end":{"line":93,"column":75}},"45":{"start":{"line":95,"column":6},"end":{"line":97,"column":9}},"46":{"start":{"line":98,"column":6},"end":{"line":98,"column":72}},"47":{"start":{"line":101,"column":4},"end":{"line":101,"column":68}},"48":{"start":{"line":102,"column":4},"end":{"line":102,"column":68}}},"fnMap":{"0":{"name":"(anonymous_0)","decl":{"start":{"line":8,"column":27},"end":{"line":8,"column":28}},"loc":{"start":{"line":8,"column":47},"end":{"line":34,"column":1}},"line":8},"1":{"name":"(anonymous_1)","decl":{"start":{"line":27,"column":36},"end":{"line":27,"column":37}},"loc":{"start":{"line":27,"column":44},"end":{"line":27,"column":73}},"line":27},"2":{"name":"(anonymous_2)","decl":{"start":{"line":38,"column":26},"end":{"line":38,"column":27}},"loc":{"start":{"line":38,"column":46},"end":{"line":69,"column":1}},"line":38},"3":{"name":"(anonymous_3)","decl":{"start":{"line":74,"column":24},"end":{"line":74,"column":25}},"loc":{"start":{"line":74,"column":44},"end":{"line":104,"column":1}},"line":74}},"branchMap":{"0":{"loc":{"start":{"line":14,"column":4},"end":{"line":16,"column":5}},"type":"if","locations":[{"start":{"line":14,"column":4},"end":{"line":16,"column":5}},{"start":{},"end":{}}],"line":14},"1":{"loc":{"start":{"line":18,"column":4},"end":{"line":20,"column":5}},"type":"if","locations":[{"start":{"line":18,"column":4},"end":{"line":20,"column":5}},{"start":{},"end":{}}],"line":18},"2":{"loc":{"start":{"line":24,"column":4},"end":{"line":26,"column":5}},"type":"if","locations":[{"start":{"line":24,"column":4},"end":{"line":26,"column":5}},{"start":{},"end":{}}],"line":24},"3":{"loc":{"start":{"line":43,"column":4},"end":{"line":45,"column":5}},"type":"if","locations":[{"start":{"line":43,"column":4},"end":{"line":45,"column":5}},{"start":{},"end":{}}],"line":43},"4":{"loc":{"start":{"line":43,"column":8},"end":{"line":43,"column":25}},"type":"binary-expr","locations":[{"start":{"line":43,"column":8},"end":{"line":43,"column":13}},{"start":{"line":43,"column":17},"end":{"line":43,"column":25}}],"line":43},"5":{"loc":{"start":{"line":47,"column":21},"end":{"line":47,"column":64}},"type":"binary-expr","locations":[{"start":{"line":47,"column":21},"end":{"line":47,"column":25}},{"start":{"line":47,"column":29},"end":{"line":47,"column":40}},{"start":{"line":47,"column":44},"end":{"line":47,"column":64}}],"line":47},"6":{"loc":{"start":{"line":48,"column":4},"end":{"line":50,"column":5}},"type":"if","locations":[{"start":{"line":48,"column":4},"end":{"line":50,"column":5}},{"start":{},"end":{}}],"line":48},"7":{"loc":{"start":{"line":48,"column":8},"end":{"line":48,"column":50}},"type":"binary-expr","locations":[{"start":{"line":48,"column":8},"end":{"line":48,"column":28}},{"start":{"line":48,"column":32},"end":{"line":48,"column":50}}],"line":48},"8":{"loc":{"start":{"line":82,"column":4},"end":{"line":84,"column":5}},"type":"if","locations":[{"start":{"line":82,"column":4},"end":{"line":84,"column":5}},{"start":{},"end":{}}],"line":82},"9":{"loc":{"start":{"line":87,"column":25},"end":{"line":87,"column":47}},"type":"binary-expr","locations":[{"start":{"line":87,"column":25},"end":{"line":87,"column":41}},{"start":{"line":87,"column":45},"end":{"line":87,"column":47}}],"line":87},"10":{"loc":{"start":{"line":89,"column":4},"end":{"line":99,"column":5}},"type":"if","locations":[{"start":{"line":89,"column":4},"end":{"line":99,"column":5}},{"start":{"line":94,"column":11},"end":{"line":99,"column":5}}],"line":89}},"s":{"0":1,"1":1,"2":0,"3":0,"4":0,"5":0,"6":0,"7":0,"8":0,"9":0,"10":0,"11":0,"12":0,"13":0,"14":0,"15":0,"16":0,"17":0,"18":1,"19":0,"20":0,"21":0,"22":0,"23":0,"24":0,"25":0,"26":0,"27":0,"28":0,"29":0,"30":0,"31":0,"32":1,"33":0,"34":0,"35":0,"36":0,"37":0,"38":0,"39":0,"40":0,"41":0,"42":0,"43":0,"44":0,"45":0,"46":0,"47":0,"48":0},"f":{"0":0,"1":0,"2":0,"3":0},"b":{"0":[0,0],"1":[0,0],"2":[0,0],"3":[0,0],"4":[0,0],"5":[0,0,0],"6":[0,0],"7":[0,0],"8":[0,0],"9":[0,0],"10":[0,0]},"_coverageSchema":"1a1c01bbd47fc00a2c39e90264f33305004495a9","hash":"b6f8e8451607dac54c8527f213670fa2ab115f10"}
[...]
:{"line":58,"column":10},"end":{"line":58,"column":54}},"41":{"start":{"line":59,"column":10},"end":{"line":59,"column":20}},"42":{"start":{"line":60,"column":17},"end":{"line":60,"column":29}},"43":{"start":{"line":64,"column":4},"end":{"line":77,"column":7}},"44":{"start":{"line":79,"column":4},"end":{"line":84,"column":6}},"45":{"start":{"line":91,"column":20},"end":{"line":91,"column":62}},"46":{"start":{"line":92,"column":4},"end":{"line":92,"column":68}},"47":{"start":{"line":92,"column":25},"end":{"line":92,"column":68}},"48":{"start":{"line":94,"column":21},"end":{"line":94,"column":35}},"49":{"start":{"line":97,"column":4},"end":{"line":103,"column":5}},"50":{"start":{"line":98,"column":6},"end":{"line":98,"column":38}},"51":{"start":{"line":99,"column":11},"end":{"line":103,"column":5}},"52":{"start":{"line":100,"column":6},"end":{"line":100,"column":42}},"53":{"start":{"line":102,"column":6},"end":{"line":102,"column":31}},"54":{"start":{"line":105,"column":4},"end":{"line":105,"column":65}},"55":{"start":{"line":106,"column":4},"end":{"line":106,"column":79}},"56":{"start":{"line":108,"column":4},"end":{"line":108,"column":27}},"57":{"start":{"line":112,"column":4},"end":{"line":112,"column":63}},"58":{"start":{"line":113,"column":4},"end":{"line":113,"column":72}},"59":{"start":{"line":114,"column":4},"end":{"line":114,"column":28}},"60":{"start":{"line":118,"column":16},"end":{"line":118,"column":38}},"61":{"start":{"line":119,"column":4},"end":{"line":119,"column":44}},"62":{"start":{"line":120,"column":4},"end":{"line":120,"column":72}},"63":{"start":{"line":120,"column":20},"end":{"line":120,"column":72}},"64":{"start":{"line":121,"column":4},"end":{"line":121,"column":63}},"65":{"start":{"line":121,"column":17},"end":{"line":121,"column":63}},"66":{"start":{"line":123,"column":4},"end":{"line":128,"column":5}},"67":{"start":{"line":124,"column":30},"end":{"line":124,"column":63}},"68":{"start":{"line":125,"column":8},"end":{"line":125,"column":60}},"69":{"start":{"line":127,"column":8},"end":{"line":127,"column":51}},"70":{"start":{"line":130,"column":21},"end":{"line":130,"column":38}},"71":{"start":{"line":131,"column":20},"end":{"line":131,"column":79}},"72":{"start":{"line":131,"column":48},"end":{"line":131,"column":77}},"73":{"start":{"line":133,"column":4},"end":{"line":138,"column":5}},"74":{"start":{"line":134,"column":6},"end":{"line":137,"column":8}},"75":{"start":{"line":135,"column":8},"end":{"line":136,"column":85}},"76":{"start":{"line":139,"column":4},"end":{"line":139,"column":21}},"77":{"start":{"line":143,"column":26},"end":{"line":143,"column":28}},"78":{"start":{"line":144,"column":18},"end":{"line":144,"column":20}},"79":{"start":{"line":145,"column":4},"end":{"line":167,"column":5}},"80":{"start":{"line":146,"column":26},"end":{"line":146,"column":73}},"81":{"start":{"line":147,"column":25},"end":{"line":147,"column":79}},"82":{"start":{"line":148,"column":25},"end":{"line":148,"column":72}},"83":{"start":{"line":149,"column":25},"end":{"line":149,"column":64}},"84":{"start":{"line":151,"column":6},"end":{"line":154,"column":7}},"85":{"start":{"line":152,"column":8},"end":{"line":152,"column":87}},"86":{"start":{"line":153,"column":8},"end":{"line":153,"column":17}},"87":{"start":{"line":155,"column":26},"end":{"line":155,"column":47}},"88":{"start":{"line":156,"column":6},"end":{"line":159,"column":7}},"89":{"start":{"line":157,"column":9},"end":{"line":157,"column":68}},"90":{"start":{"line":158,"column":9},"end":{"line":158,"column":18}},"91":{"start":{"line":160,"column":23},"end":{"line":160,"column":49}},"92":{"start":{"line":162,"column":6},"end":{"line":166,"column":9}},"93":{"start":{"line":168,"column":4},"end":{"line":168,"column":36}},"94":{"start":{"line":172,"column":22},"end":{"line":172,"column":68}},"95":{"start":{"line":173,"column":4},"end":{"line":181,"column":5}},"96":{"start":{"line":174,"column":6},"end":{"line":180,"column":7}},"97":{"start":{"line":175,"column":8},"end":{"line":175,"column":42}},"98":{"start":{"line":176,"column":8},"end":{"line":176,"column":29}},"99":{"start":{"line":178,"column":8},"end":{"line":178,"column":27}},"100":{"start":{"line":179,"column":8},"end":{"line":179,"column":93}},"101":{"start":{"line":182,"column":4},"end":{"line":182,"column":21}},"102":{"start":{"line":186,"column":16},"end":{"line":186,"column":58}},"103":{"start":{"line":187,"column":4},"end":{"line":187,"column":61}},"104":{"start":{"line":191,"column":78},"end":{"line":191,"column":82}},"105":{"start":{"line":192,"column":4},"end":{"line":192,"column":59}},"106":{"start":{"line":192,"column":22},"end":{"line":192,"column":59}},"107":{"start":{"line":194,"column":4},"end":{"line":200,"column":5}},"108":{"start":{"line":195,"column":6},"end":{"line":195,"column":64}},"109":{"start":{"line":196,"column":6},"end":{"line":196,"column":91}},"110":{"start":{"line":198,"column":6},"end":{"line":198,"column":57}},"111":{"start":{"line":199,"column":6},"end":{"line":199,"column":104}},"112":{"start":{"line":201,"column":4},"end":{"line":201,"column":18}},"113":{"start":{"line":205,"column":4},"end":{"line":205,"column":38}},"114":{"start":{"line":206,"column":4},"end":{"line":206,"column":50}},"115":{"start":{"line":207,"column":4},"end":{"line":207,"column":36}},"116":{"start":{"line":211,"column":20},"end":{"line":211,"column":51}},"117":{"start":{"line":212,"column":20},"end":{"line":212,"column":39}},"118":{"start":{"line":213,"column":4},"end":{"line":213,"column":68}},"119":{"start":{"line":213,"column":25},"end":{"line":213,"column":68}},"120":{"start":{"line":214,"column":26},"end":{"line":214,"column":52}},"121":{"start":{"line":215,"column":22},"end":{"line":215,"column":44}},"122":{"start":{"line":216,"column":4},"end":{"line":216,"column":64}},"123":{"start":{"line":216,"column":23},"end":{"line":216,"column":64}},"124":{"start":{"line":217,"column":4},"end":{"line":217,"column":48}},"125":{"start":{"line":218,"column":4},"end":{"line":218,"column":25}}},"fnMap":{"0":{"name":"(anonymous_0)","decl":{"start":{"line":4,"column":22},"end":{"line":4,"column":23}},"loc":{"start":{"line":4,"column":40},"end":{"line":9,"column":1}},"line":4},"1":{"name":"(anonymous_1)","decl":{"start":{"line":11,"column":24},"end":{"line":11,"column":25}},"loc":{"start":{"line":11,"column":30},"end":{"line":11,"column":42}},"line":11},"2":{"name":"(anonymous_2)","decl":{"start":{"line":12,"column":28},"end":{"line":12,"column":29}},"loc":{"start":{"line":12,"column":34},"end":{"line":12,"column":48}},"line":12},"3":{"name":"(anonymous_3)","decl":{"start":{"line":13,"column":29},"end":{"line":13,"column":30}},"loc":{"start":{"line":13,"column":35},"end":{"line":13,"column":47}},"line":13},"4":{"name":"(anonymous_4)","decl":{"start":{"line":15,"column":18},"end":{"line":15,"column":19}},"loc":{"start":{"line":15,"column":34},"end":{"line":20,"column":1}},"line":15},"5":{"name":"(anonymous_5)","decl":{"start":{"line":26,"column":2},"end":{"line":26,"column":3}},"loc":{"start":{"line":26,"column":25},"end":{"line":85,"column":3}},"line":26},"6":{"name":"(anonymous_6)","decl":{"start":{"line":90,"column":2},"end":{"line":90,"column":3}},"loc":{"start":{"line":90,"column":26},"end":{"line":109,"column":3}},"line":90},"7":{"name":"(anonymous_7)","decl":{"start":{"line":111,"column":2},"end":{"line":111,"column":3}},"loc":{"start":{"line":111,"column":39},"end":{"line":115,"column":3}},"line":111},"8":{"name":"(anonymous_8)","decl":{"start":{"line":117,"column":2},"end":{"line":117,"column":3}},"loc":{"start":{"line":117,"column":61},"end":{"line":140,"column":3}},"line":117},"9":{"name":"(anonymous_9)","decl":{"start":{"line":131,"column":38},"end":{"line":131,"column":39}},"loc":{"start":{"line":131,"column":48},"end":{"line":131,"column":77}},"line":131},"10":{"name":"(anonymous_10)","decl":{"start":{"line":134,"column":35},"end":{"line":134,"column":36}},"loc":{"start":{"line":135,"column":8},"end":{"line":136,"column":85}},"line":135},"11":{"name":"(anonymous_11)","decl":{"start":{"line":142,"column":2},"end":{"line":142,"column":3}},"loc":{"start":{"line":142,"column":39},"end":{"line":169,"column":3}},"line":142},"12":{"name":"(anonymous_12)","decl":{"start":{"line":171,"column":2},"end":{"line":171,"column":3}},"loc":{"start":{"line":171,"column":41},"end":{"line":183,"column":3}},"line":171},"13":{"name":"(anonymous_13)","decl":{"start":{"line":185,"column":2},"end":{"line":185,"column":3}},"loc":{"start":{"line":185,"column":24},"end":{"line":188,"column":3}},"line":185},"14":{"name":"(anonymous_14)","decl":{"start":{"line":190,"column":2},"end":{"line":190,"column":3}},"loc":{"start":{"line":190,"column":29},"end":{"line":202,"column":3}},"line":190},"15":{"name":"(anonymous_15)","decl":{"start":{"line":204,"column":2},"end":{"line":204,"column":3}},"loc":{"start":{"line":204,"column":23},"end":{"line":208,"column":3}},"line":204},"16":{"name":"(anonymous_16)","decl":{"start":{"line":210,"column":2},"end":{"line":210,"column":3}},"loc":{"start":{"line":210,"column":34},"end":{"line":219,"column":3}},"line":210}},"branchMap":{"0":{"loc":{"start":{"line":5,"column":2},"end":{"line":5,"column":49}},"type":"if","locations":[{"start":{"line":5,"column":2},"end":{"line":5,"column":49}},{"start":{},"end":{}}],"line":5},"1":{"loc":{"start":{"line":7,"column":2},"end":{"line":7,"column":44}},"type":"if","locations":[{"start":{"line":7,"column":2},"end":{"line":7,"column":44}},{"start":{},"end":{}}],"line":7},"2":{"loc":{"start":{"line":16,"column":2},"end":{"line":16,"column":31}},"type":"if","locations":[{"start":{"line":16,"column":2},"end":{"line":16,"column":31}},{"start":{},"end":{}}],"line":16},"3":{"loc":{"start":{"line":18,"column":2},"end":{"line":18,"column":64}},"type":"if","locations":[{"start":{"line":18,"column":2},"end":{"line":18,"column":64}},{"start":{},"end":{}}],"line":18},"4":{"loc":{"start":{"line":18,"column":6},"end":{"line":18,"column":50}},"type":"binary-expr","locations":[{"start":{"line":18,"column":6},"end":{"line":18,"column":10}},{"start":{"line":18,"column":14},"end":{"line":18,"column":20}},{"start":{"line":18,"column":24},"end":{"line":18,"column":29}},{"start":{"line":18,"column":33},"end":{"line":18,"column":50}}],"line":18},"5":{"loc":{"start":{"line":34,"column":4},"end":{"line":41,"column":5}},"type":"if","locations":[{"start":{"line":34,"column":4},"end":{"line":41,"column":5}},{"start":{"line":38,"column":11},"end":{"line":41,"column":5}}],"line":34},"6":{"loc":{"start":{"line":35,"column":22},"end":{"line":35,"column":65}},"type":"binary-expr","locations":[{"start":{"line":35,"column":22},"end":{"line":35,"column":35}},{"start":{"line":35,"column":39},"end":{"line":35,"column":65}}],"line":35},"7":{"loc":{"start":{"line":40,"column":6},"end":{"line":40,"column":64}},"type":"if","locations":[{"start":{"line":40,"column":6},"end":{"line":40,"column":64}},{"start":{},"end":{}}],"line":40},"8":{"loc":{"start":{"line":56,"column":8},"end":{"line":60,"column":31}},"type":"if","locations":[{"start":{"line":56,"column":8},"end":{"line":60,"column":31}},{"start":{"line":60,"column":15},"end":{"line":60,"column":31}}],"line":56},"9":{"loc":{"start":{"line":56,"column":12},"end":{"line":56,"column":67}},"type":"binary-expr","locations":[{"start":{"line":56,"column":12},"end":{"line":56,"column":54}},{"start":{"line":56,"column":58},"end":{"line":56,"column":67}}],"line":56},"10":{"loc":{"start":{"line":57,"column":29},"end":{"line":57,"column":72}},"type":"binary-expr","locations":[{"start":{"line":57,"column":29},"end":{"line":57,"column":42}},{"start":{"line":57,"column":46},"end":{"line":57,"column":72}}],"line":57},"11":{"loc":{"start":{"line":69,"column":19},"end":{"line":69,"column":38}},"type":"binary-expr","locations":[{"start":{"line":69,"column":19},"end":{"line":69,"column":30}},{"start":{"line":69,"column":34},"end":{"line":69,"column":38}}],"line":69},"12":{"loc":{"start":{"line":70,"column":18},"end":{"line":70,"column":36}},"type":"binary-expr","locations":[{"start":{"line":70,"column":18},"end":{"line":70,"column":28}},{"start":{"line":70,"column":32},"end":{"line":70,"column":36}}],"line":70},"13":{"loc":{"start":{"line":71,"column":18},"end":{"line":71,"column":36}},"type":"binary-expr","locations":[{"start":{"line":71,"column":18},"end":{"line":71,"column":28}},{"start":{"line":71,"column":32},"end":{"line":71,"column":36}}],"line":71},"14":{"loc":{"start":{"line":92,"column":4},"end":{"line":92,"column":68}},"type":"if","locations":[{"start":{"line":92,"column":4},"end":{"line":92,"column":68}},{"start":{},"end":{}}],"line":92},"15":{"loc":{"start":{"line":97,"column":4},"end":{"line":103,"column":5}},"type":"if","locations":[{"start":{"line":97,"column":4},"end":{"line":103,"column":5}},{"start":{"line":99,"column":11},"end":{"line":103,"column":5}}],"line":97},"16":{"loc":{"start":{"line":99,"column":11},"end":{"line":103,"column":5}},"type":"if","locations":[{"start":{"line":99,"column":11},"end":{"line":103,"column":5}},{"start":{"line":101,"column":11},"end":{"line":103,"column":5}}],"line":99},"17":{"loc":{"start":{"line":99,"column":15},"end":{"line":99,"column":75}},"type":"binary-expr","locations":[{"start":{"line":99,"column":15},"end":{"line":99,"column":42}},{"start":{"line":99,"column":46},"end":{"line":99,"column":75}}],"line":99},"18":{"loc":{"start":{"line":120,"column":4},"end":{"line":120,"column":72}},"type":"if","locations":[{"start":{"line":120,"column":4},"end":{"line":120,"column":72}},{"start":{},"end":{}}],"line":120},"19":{"loc":{"start":{"line":121,"column":4},"end":{"line":121,"column":63}},"type":"if","locations":[{"start":{"line":121,"column":4},"end":{"line":121,"column":63}},{"start":{},"end":{}}],"line":121},"20":{"loc":{"start":{"line":123,"column":4},"end":{"line":128,"column":5}},"type":"if","locations":[{"start":{"line":123,"column":4},"end":{"line":128,"column":5}},{"start":{"line":126,"column":11},"end":{"line":128,"column":5}}],"line":123},"21":{"loc":{"start":{"line":124,"column":30},"end":{"line":124,"column":63}},"type":"cond-expr","locations":[{"start":{"line":124,"column":49},"end":{"line":124,"column":54}},{"start":{"line":124,"column":57},"end":{"line":124,"column":63}}],"line":124},"22":{"loc":{"start":{"line":133,"column":4},"end":{"line":138,"column":5}},"type":"if","locations":[{"start":{"line":133,"column":4},"end":{"line":138,"column":5}},{"start":{},"end":{}}],"line":133},"23":{"loc":{"start":{"line":135,"column":8},"end":{"line":136,"column":85}},"type":"binary-expr","locations":[{"start":{"line":135,"column":8},"end":{"line":135,"column":69}},{"start":{"line":136,"column":9},"end":{"line":136,"column":22}},{"start":{"line":136,"column":26},"end":{"line":136,"column":84}}],"line":135},"24":{"loc":{"start":{"line":146,"column":26},"end":{"line":146,"column":73}},"type":"binary-expr","locations":[{"start":{"line":146,"column":26},"end":{"line":146,"column":47}},{"start":{"line":146,"column":51},"end":{"line":146,"column":73}}],"line":146},"25":{"loc":{"start":{"line":147,"column":25},"end":{"line":147,"column":79}},"type":"binary-expr","locations":[{"start":{"line":147,"column":25},"end":{"line":147,"column":48}},{"start":{"line":147,"column":52},"end":{"line":147,"column":79}}],"line":147},"26":{"loc":{"start":{"line":148,"column":25},"end":{"line":148,"column":72}},"type":"binary-expr","locations":[{"start":{"line":148,"column":25},"end":{"line":148,"column":46}},{"start":{"line":148,"column":50},"end":{"line":148,"column":72}}],"line":148},"27":{"loc":{"start":{"line":149,"column":25},"end":{"line":149,"column":64}},"type":"binary-expr","locations":[{"start":{"line":149,"column":25},"end":{"line":149,"column":42}},{"start":{"line":149,"column":46},"end":{"line":149,"column":64}}],"line":149},"28":{"loc":{"start":{"line":151,"column":6},"end":{"line":154,"column":7}},"type":"if","locations":[{"start":{"line":151,"column":6},"end":{"line":154,"column":7}},{"start":{},"end":{}}],"line":151},"29":{"loc":{"start":{"line":151,"column":10},"end":{"line":151,"column":52}},"type":"binary-expr","locations":[{"start":{"line":151,"column":10},"end":{"line":151,"column":22}},{"start":{"line":151,"column":26},"end":{"line":151,"column":37}},{"start":{"line":151,"column":41},"end":{"line":151,"column":52}}],"line":151},"30":{"loc":{"start":{"line":152,"column":28},"end":{"line":152,"column":56}},"type":"binary-expr","locations":[{"start":{"line":152,"column":28},"end":{"line":152,"column":39}},{"start":{"line":152,"column":43},"end":{"line":152,"column":56}}],"line":152},"31":{"loc":{"start":{"line":156,"column":6},"end":{"line":159,"column":7}},"type":"if","locations":[{"start":{"line":156,"column":6},"end":{"line":159,"column":7}},{"start":{},"end":{}}],"line":156},"32":{"loc":{"start":{"line":163,"column":58},"end":{"line":163,"column":74}},"type":"binary-expr","locations":[{"start":{"line":163,"column":58},"end":{"line":163,"column":68}},{"start":{"line":163,"column":72},"end":{"line":163,"column":74}}],"line":163},"33":{"loc":{"start":{"line":187,"column":11},"end":{"line":187,"column":60}},"type":"cond-expr","locations":[{"start":{"line":187,"column":24},"end":{"line":187,"column":53}},{"start":{"line":187,"column":56},"end":{"line":187,"column":60}}],"line":187},"34":{"loc":{"start":{"line":192,"column":4},"end":{"line":192,"column":59}},"type":"if","locations":[{"start":{"line":192,"column":4},"end":{"line":192,"column":59}},{"start":{},"end":{}}],"line":192},"35":{"loc":{"start":{"line":194,"column":4},"end":{"line":200,"column":5}},"type":"if","locations":[{"start":{"line":194,"column":4},"end":{"line":200,"column":5}},{"start":{"line":197,"column":11},"end":{"line":200,"column":5}}],"line":194},"36":{"loc":{"start":{"line":213,"column":4},"end":{"line":213,"column":68}},"type":"if","locations":[{"start":{"line":213,"column":4},"end":{"line":213,"column":68}},{"start":{},"end":{}}],"line":213},"37":{"loc":{"start":{"line":214,"column":26},"end":{"line":214,"column":52}},"type":"binary-expr","locations":[{"start":{"line":214,"column":26},"end":{"line":214,"column":47}},{"start":{"line":214,"column":51},"end":{"line":214,"column":52}}],"line":214},"38":{"loc":{"start":{"line":216,"column":4},"end":{"line":216,"column":64}},"type":"if","locations":[{"start":{"line":216,"column":4},"end":{"line":216,"column":64}},{"start":{},"end":{}}],"line":216}},"s":{"0":1,"1":0,"2":0,"3":0,"4":0,"5":0,"6":0,"7":1,"8":0,"9":1,"10":0,"11":1,"12":0,"13":1,"14":0,"15":0,"16":0,"17":0,"18":0,"19":0,"20":1,"21":0,"22":0,"23":0,"24":0,"25":0,"26":0,"27":0,"28":0,"29":0,"30":0,"31":0,"32":0,"33":0,"34":0,"35":0,"36":0,"37":0,"38":0,"39":0,"40":0,"41":0,"42":0,"43":0,"44":0,"45":0,"46":0,"47":0,"48":0,"49":0,"50":0,"51":0,"52":0,"53":0,"54":0,"55":0,"56":0,"57":0,"58":0,"59":0,"60":0,"61":0,"62":0,"63":0,"64":0,"65":0,"66":0,"67":0,"68":0,"69":0,"70":0,"71":0,"72":0,"73":0,"74":0,"75":0,"76":0,"77":0,"78":0,"79":0,"80":0,"81":0,"82":0,"83":0,"84":0,"85":0,"86":0,"87":0,"88":0,"89":0,"90":0,"91":0,"92":0,"93":0,"94":0,"95":0,"96":0,"97":0,"98":0,"99":0,"100":0,"101":0,"102":0,"103":0,"104":0,"105":0,"106":0,"107":0,"108":0,"109":0,"110":0,"111":0,"112":0,"113":0,"114":0,"115":0,"116":0,"117":0,"118":0,"119":0,"120":0,"121":0,"122":0,"123":0,"124":0,"125":0},"f":{"0":0,"1":0,"2":0,"3":0,"4":0,"5":0,"6":0,"7":0,"8":0,"9":0,"10":0,"11":0,"12":0,"13":0,"14":0,"15":0,"16":0},"b":{"0":[0,0],"1":[0,0],"2":[0,0],"3":[0,0],"4":[0,0,0,0],"5":[0,0],"6":[0,0],"7":[0,0],"8":[0,0],"9":[0,0],"10":[0,0],"11":[0,0],"12":[0,0],"13":[0,0],"14":[0,0],"15":[0,0],"16":[0,0],"17":[0,0],"18":[0,0],"19":[0,0],"20":[0,0],"21":[0,0],"22":[0,0],"23":[0,0,0],"24":[0,0],"25":[0,0],"26":[0,0],"27":[0,0],"28":[0,0],"29":[0,0,0],"30":[0,0],"31":[0,0],"32":[0,0],"33":[0,0],"34":[0,0],"35":[0,0],"36":[0,0],"37":[0,0],"38":[0,0]},"_coverageSchema":"1a1c01bbd47fc00a2c39e90264f33305004495a9","hash":"ea62e3b75c63b390088185abeb8b01040744d34e"}
}
