TN:
SF:src\index.js
FN:53,(anonymous_0)
FNF:1
FNH:0
FNDA:0,(anonymous_0)
DA:21,1
DA:23,1
DA:26,1
DA:33,1
DA:34,1
DA:35,1
DA:36,1
DA:39,1
DA:40,1
DA:41,1
DA:42,1
DA:43,1
DA:44,1
DA:45,1
DA:46,1
DA:47,1
DA:48,1
DA:50,1
DA:52,1
DA:53,1
DA:54,0
LF:21
LH:20
BRDA:52,0,0,1
BRDA:52,0,1,0
BRF:2
BRH:1
end_of_record
TN:
SF:src\config\cloudinary.js
FNF:0
FNH:0
DA:4,1
DA:6,1
LF:2
LH:2
BRF:0
BRH:0
end_of_record
TN:
SF:src\config\firebase.js
FNF:0
FNH:0
DA:4,1
DA:6,1
DA:8,1
DA:9,1
DA:19,1
LF:5
LH:5
BRDA:8,0,0,1
BRDA:8,0,1,0
BRF:2
BRH:1
end_of_record
TN:
SF:src\controllers\authController.js
FN:3,login
FNF:1
FNH:0
FNDA:0,login
DA:4,0
DA:5,0
DA:6,0
DA:9,0
DA:10,0
DA:13,0
DA:14,0
DA:16,0
DA:26,0
DA:27,0
LF:10
LH:0
BRDA:6,0,0,0
BRDA:6,0,1,0
BRDA:14,1,0,0
BRDA:14,1,1,0
BRDA:20,2,0,0
BRDA:20,2,1,0
BRDA:20,2,2,0
BRF:7
BRH:0
end_of_record
TN:
SF:src\controllers\classController.js
FN:7,(anonymous_0)
FN:18,(anonymous_1)
FN:21,(anonymous_2)
FN:27,(anonymous_3)
FN:46,(anonymous_4)
FN:61,(anonymous_5)
FN:76,(anonymous_6)
FN:94,(anonymous_7)
FN:123,(anonymous_8)
FN:142,(anonymous_9)
FN:173,(anonymous_10)
FN:176,(anonymous_11)
FN:177,(anonymous_12)
FN:182,(anonymous_13)
FN:188,(anonymous_14)
FN:209,(anonymous_15)
FN:217,(anonymous_16)
FNF:17
FNH:0
FNDA:0,(anonymous_0)
FNDA:0,(anonymous_1)
FNDA:0,(anonymous_2)
FNDA:0,(anonymous_3)
FNDA:0,(anonymous_4)
FNDA:0,(anonymous_5)
FNDA:0,(anonymous_6)
FNDA:0,(anonymous_7)
FNDA:0,(anonymous_8)
FNDA:0,(anonymous_9)
FNDA:0,(anonymous_10)
FNDA:0,(anonymous_11)
FNDA:0,(anonymous_12)
FNDA:0,(anonymous_13)
FNDA:0,(anonymous_14)
FNDA:0,(anonymous_15)
FNDA:0,(anonymous_16)
DA:7,1
DA:8,0
DA:9,0
DA:11,0
DA:17,0
DA:18,0
DA:20,0
DA:21,0
DA:23,0
DA:24,0
DA:27,0
DA:28,0
DA:30,0
DA:31,0
DA:32,0
DA:35,0
DA:45,0
DA:46,0
DA:49,0
DA:52,0
DA:53,0
DA:61,1
DA:62,0
DA:63,0
DA:64,0
DA:65,0
DA:67,0
DA:68,0
DA:72,0
DA:76,0
DA:78,0
DA:85,0
DA:86,0
DA:94,1
DA:95,0
DA:99,0
DA:101,0
DA:102,0
DA:105,0
DA:118,0
DA:119,0
DA:121,0
DA:122,0
DA:123,0
DA:124,0
DA:125,0
DA:127,0
DA:130,0
DA:133,0
DA:134,0
DA:142,1
DA:143,0
DA:144,0
DA:148,0
DA:150,0
DA:151,0
DA:154,0
DA:157,0
DA:169,0
DA:172,0
DA:173,0
DA:174,0
DA:176,0
DA:177,0
DA:179,0
DA:182,0
DA:183,0
DA:184,0
DA:188,0
DA:189,0
DA:190,0
DA:193,0
DA:194,0
DA:197,0
DA:200,0
DA:201,0
DA:209,1
DA:210,0
DA:211,0
DA:214,0
DA:216,0
DA:217,0
DA:218,0
DA:219,0
DA:222,0
DA:225,0
DA:227,0
DA:230,0
DA:231,0
LF:89
LH:5
BRDA:23,0,0,0
BRDA:23,0,1,0
BRDA:31,1,0,0
BRDA:31,1,1,0
BRDA:31,2,0,0
BRDA:31,2,1,0
BRDA:31,2,2,0
BRDA:38,3,0,0
BRDA:38,3,1,0
BRDA:39,4,0,0
BRDA:39,4,1,0
BRDA:40,5,0,0
BRDA:40,5,1,0
BRDA:45,6,0,0
BRDA:45,6,1,0
BRDA:67,7,0,0
BRDA:67,7,1,0
BRDA:101,8,0,0
BRDA:101,8,1,0
BRDA:101,9,0,0
BRDA:101,9,1,0
BRDA:106,10,0,0
BRDA:106,10,1,0
BRDA:107,11,0,0
BRDA:107,11,1,0
BRDA:108,12,0,0
BRDA:108,12,1,0
BRDA:109,13,0,0
BRDA:109,13,1,0
BRDA:110,14,0,0
BRDA:110,14,1,0
BRDA:111,15,0,0
BRDA:111,15,1,0
BRDA:112,16,0,0
BRDA:112,16,1,0
BRDA:113,17,0,0
BRDA:113,17,1,0
BRDA:114,18,0,0
BRDA:114,18,1,0
BRDA:121,19,0,0
BRDA:121,19,1,0
BRDA:121,20,0,0
BRDA:121,20,1,0
BRDA:150,21,0,0
BRDA:150,21,1,0
BRDA:150,22,0,0
BRDA:150,22,1,0
BRDA:158,23,0,0
BRDA:158,23,1,0
BRDA:159,24,0,0
BRDA:159,24,1,0
BRDA:160,25,0,0
BRDA:160,25,1,0
BRDA:161,26,0,0
BRDA:161,26,1,0
BRDA:162,27,0,0
BRDA:162,27,1,0
BRDA:163,28,0,0
BRDA:163,28,1,0
BRDA:164,29,0,0
BRDA:164,29,1,0
BRDA:165,30,0,0
BRDA:165,30,1,0
BRDA:166,31,0,0
BRDA:166,31,1,0
BRDA:174,32,0,0
BRDA:174,32,1,0
BRDA:193,33,0,0
BRDA:193,33,1,0
BRDA:193,34,0,0
BRDA:193,34,1,0
BRF:71
BRH:0
end_of_record
TN:
SF:src\controllers\commentController.js
FN:10,(anonymous_0)
FN:23,(anonymous_1)
FN:40,(anonymous_2)
FNF:3
FNH:0
FNDA:0,(anonymous_0)
FNDA:0,(anonymous_1)
FNDA:0,(anonymous_2)
DA:3,1
DA:4,1
DA:10,1
DA:11,0
DA:12,0
DA:14,0
DA:19,0
DA:20,0
DA:23,0
DA:28,0
DA:31,0
DA:32,0
DA:40,1
DA:41,0
DA:42,0
DA:43,0
DA:44,0
DA:46,0
DA:47,0
DA:50,0
DA:51,0
DA:52,0
DA:55,0
DA:64,0
DA:66,0
DA:68,0
DA:69,0
DA:71,0
DA:75,0
DA:77,0
DA:80,0
DA:81,0
LF:32
LH:4
BRDA:19,0,0,0
BRDA:19,0,1,0
BRDA:46,1,0,0
BRDA:46,1,1,0
BRDA:50,2,0,0
BRDA:50,2,1,0
BRDA:50,2,2,0
BRDA:51,3,0,0
BRDA:51,3,1,0
BRDA:51,4,0,0
BRDA:51,4,1,0
BRF:11
BRH:0
end_of_record
TN:
SF:src\controllers\contentController.js
FN:18,(anonymous_0)
FN:24,(anonymous_1)
FN:95,(anonymous_2)
FN:132,(anonymous_3)
FN:143,(anonymous_4)
FN:166,(anonymous_5)
FNF:6
FNH:0
FNDA:0,(anonymous_0)
FNDA:0,(anonymous_1)
FNDA:0,(anonymous_2)
FNDA:0,(anonymous_3)
FNDA:0,(anonymous_4)
FNDA:0,(anonymous_5)
DA:6,1
DA:8,1
DA:14,1
DA:18,1
DA:19,0
DA:20,0
DA:24,1
DA:25,0
DA:26,0
DA:27,0
DA:28,0
DA:29,0
DA:32,0
DA:33,0
DA:34,0
DA:42,0
DA:44,0
DA:45,0
DA:48,0
DA:49,0
DA:50,0
DA:53,0
DA:57,0
DA:62,0
DA:63,0
DA:66,0
DA:68,0
DA:83,0
DA:84,0
DA:85,0
DA:88,0
DA:89,0
DA:90,0
DA:95,1
DA:96,0
DA:97,0
DA:98,0
DA:99,0
DA:101,0
DA:104,0
DA:106,0
DA:107,0
DA:110,0
DA:111,0
DA:114,0
DA:115,0
DA:119,0
DA:123,0
DA:124,0
DA:128,0
DA:131,0
DA:132,0
DA:134,0
DA:137,0
DA:139,0
DA:143,1
DA:144,0
DA:145,0
DA:146,0
DA:147,0
DA:149,0
DA:151,0
DA:152,0
DA:153,0
DA:154,0
DA:155,0
DA:156,0
DA:159,0
DA:160,0
DA:162,0
DA:166,1
DA:167,0
DA:168,0
DA:169,0
DA:170,0
DA:172,0
LF:76
LH:8
BRDA:19,0,0,0
BRDA:19,0,1,0
BRDA:28,1,0,0
BRDA:28,1,1,0
BRDA:29,2,0,0
BRDA:29,2,1,0
BRDA:32,3,0,0
BRDA:32,3,1,0
BRDA:44,4,0,0
BRDA:44,4,1,0
BRDA:44,5,0,0
BRDA:44,5,1,0
BRDA:44,5,2,0
BRDA:53,6,0,0
BRDA:53,6,1,0
BRDA:57,7,0,0
BRDA:57,7,1,0
BRDA:62,8,0,0
BRDA:62,8,1,0
BRDA:62,9,0,0
BRDA:62,9,1,0
BRDA:62,9,2,0
BRDA:66,10,0,0
BRDA:66,10,1,0
BRDA:69,11,0,0
BRDA:69,11,1,0
BRDA:71,12,0,0
BRDA:71,12,1,0
BRDA:71,12,2,0
BRDA:72,13,0,0
BRDA:72,13,1,0
BRDA:73,14,0,0
BRDA:73,14,1,0
BRDA:74,15,0,0
BRDA:74,15,1,0
BRDA:75,16,0,0
BRDA:75,16,1,0
BRDA:78,17,0,0
BRDA:78,17,1,0
BRDA:78,18,0,0
BRDA:78,18,1,0
BRDA:79,19,0,0
BRDA:79,19,1,0
BRDA:89,20,0,0
BRDA:89,20,1,0
BRDA:89,21,0,0
BRDA:89,21,1,0
BRDA:104,22,0,0
BRDA:104,22,1,0
BRDA:106,23,0,0
BRDA:106,23,1,0
BRDA:110,24,0,0
BRDA:110,24,1,0
BRDA:114,25,0,0
BRDA:114,25,1,0
BRDA:123,26,0,0
BRDA:123,26,1,0
BRDA:128,27,0,0
BRDA:128,27,1,0
BRDA:149,28,0,0
BRDA:149,28,1,0
BRDA:152,29,0,0
BRDA:152,29,1,0
BRF:63
BRH:0
end_of_record
TN:
SF:src\controllers\dashboardController.js
FN:7,(anonymous_0)
FN:37,(anonymous_1)
FN:56,(anonymous_2)
FN:77,(anonymous_3)
FN:79,(anonymous_4)
FNF:5
FNH:0
FNDA:0,(anonymous_0)
FNDA:0,(anonymous_1)
FNDA:0,(anonymous_2)
FNDA:0,(anonymous_3)
FNDA:0,(anonymous_4)
DA:7,1
DA:8,0
DA:9,0
DA:10,0
DA:11,0
DA:12,0
DA:14,0
DA:20,0
DA:26,0
DA:28,0
DA:29,0
DA:37,1
DA:38,0
DA:39,0
DA:40,0
DA:43,0
DA:44,0
DA:47,0
DA:49,0
DA:51,0
DA:53,0
DA:56,0
DA:60,0
DA:63,0
DA:68,0
DA:70,0
DA:71,0
DA:75,0
DA:76,0
DA:77,0
DA:79,0
DA:80,0
DA:81,0
DA:90,0
DA:93,0
DA:95,0
DA:96,0
DA:98,0
LF:38
LH:2
BRDA:43,0,0,0
BRDA:43,0,1,0
BRDA:47,1,0,0
BRDA:47,1,1,0
BRDA:51,2,0,0
BRDA:51,2,1,0
BRDA:60,3,0,0
BRDA:60,3,1,0
BRDA:70,4,0,0
BRDA:70,4,1,0
BRDA:85,5,0,0
BRDA:85,5,1,0
BRDA:86,6,0,0
BRDA:86,6,1,0
BRDA:86,7,0,0
BRDA:86,7,1,0
BRDA:95,8,0,0
BRDA:95,8,1,0
BRF:18
BRH:0
end_of_record
TN:
SF:src\controllers\newsController.js
FN:8,(anonymous_0)
FN:46,(anonymous_1)
FN:64,(anonymous_2)
FN:84,(anonymous_3)
FNF:4
FNH:0
FNDA:0,(anonymous_0)
FNDA:0,(anonymous_1)
FNDA:0,(anonymous_2)
FNDA:0,(anonymous_3)
DA:8,1
DA:9,0
DA:10,0
DA:13,0
DA:14,0
DA:18,0
DA:19,0
DA:22,0
DA:32,0
DA:34,0
DA:37,0
DA:38,0
DA:46,1
DA:47,0
DA:49,0
DA:51,0
DA:53,0
DA:54,0
DA:58,0
DA:60,0
DA:61,0
DA:64,0
DA:69,0
DA:72,0
DA:74,0
DA:75,0
DA:77,0
DA:84,1
DA:85,0
DA:86,0
DA:87,0
DA:89,0
DA:90,0
DA:92,0
DA:94,0
DA:95,0
DA:98,0
DA:99,0
LF:38
LH:3
BRDA:13,0,0,0
BRDA:13,0,1,0
BRDA:13,1,0,0
BRDA:13,1,1,0
BRDA:13,1,2,0
BRDA:18,2,0,0
BRDA:18,2,1,0
BRDA:18,3,0,0
BRDA:18,3,1,0
BRDA:18,3,2,0
BRDA:26,4,0,0
BRDA:26,4,1,0
BRDA:27,5,0,0
BRDA:27,5,1,0
BRDA:53,6,0,0
BRDA:53,6,1,0
BRDA:60,7,0,0
BRDA:60,7,1,0
BRDA:74,8,0,0
BRDA:74,8,1,0
BRDA:87,9,0,0
BRDA:87,9,1,0
BRDA:92,10,0,0
BRDA:92,10,1,0
BRF:24
BRH:0
end_of_record
TN:
SF:src\controllers\planController.js
FN:13,(anonymous_0)
FN:32,(anonymous_1)
FN:33,(anonymous_2)
FN:45,(anonymous_3)
FN:49,(anonymous_4)
FN:56,(anonymous_5)
FN:66,(anonymous_6)
FN:72,(anonymous_7)
FN:85,(anonymous_8)
FN:131,(anonymous_9)
FNF:10
FNH:0
FNDA:0,(anonymous_0)
FNDA:0,(anonymous_1)
FNDA:0,(anonymous_2)
FNDA:0,(anonymous_3)
FNDA:0,(anonymous_4)
FNDA:0,(anonymous_5)
FNDA:0,(anonymous_6)
FNDA:0,(anonymous_7)
FNDA:0,(anonymous_8)
FNDA:0,(anonymous_9)
DA:13,1
DA:14,0
DA:15,0
DA:17,0
DA:19,0
DA:20,0
DA:24,0
DA:26,0
DA:27,0
DA:31,0
DA:32,0
DA:38,0
DA:41,0
DA:44,0
DA:45,0
DA:47,0
DA:48,0
DA:49,0
DA:50,0
DA:51,0
DA:56,0
DA:58,0
DA:61,0
DA:62,0
DA:66,1
DA:67,0
DA:68,0
DA:69,0
DA:72,1
DA:73,0
DA:74,0
DA:75,0
DA:77,0
DA:79,0
DA:80,0
DA:85,1
DA:86,0
DA:87,0
DA:88,0
DA:89,0
DA:91,0
DA:93,0
DA:95,0
DA:96,0
DA:97,0
DA:104,0
DA:105,0
DA:107,0
DA:110,0
DA:121,0
DA:122,0
DA:125,0
DA:126,0
DA:131,1
DA:132,0
DA:133,0
DA:134,0
DA:135,0
DA:137,0
DA:138,0
DA:139,0
DA:144,0
DA:145,0
DA:148,0
DA:149,0
DA:152,0
DA:153,0
LF:67
LH:5
BRDA:17,0,0,0
BRDA:17,0,1,0
BRDA:17,1,0,0
BRDA:17,1,1,0
BRDA:20,2,0,0
BRDA:20,2,1,0
BRDA:26,3,0,0
BRDA:26,3,1,0
BRDA:38,4,0,0
BRDA:38,4,1,0
BRDA:44,5,0,0
BRDA:44,5,1,0
BRDA:47,6,0,0
BRDA:47,6,1,0
BRDA:68,7,0,0
BRDA:68,7,1,0
BRDA:89,8,0,0
BRDA:89,8,1,0
BRDA:91,9,0,0
BRDA:91,9,1,0
BRDA:91,10,0,0
BRDA:91,10,1,0
BRDA:95,11,0,0
BRDA:95,11,1,0
BRDA:104,12,0,0
BRDA:104,12,1,0
BRDA:112,13,0,0
BRDA:112,13,1,0
BRDA:113,14,0,0
BRDA:113,14,1,0
BRDA:114,15,0,0
BRDA:114,15,1,0
BRDA:125,16,0,0
BRDA:125,16,1,0
BRDA:125,17,0,0
BRDA:125,17,1,0
BRDA:137,18,0,0
BRDA:137,18,1,0
BRDA:144,19,0,0
BRDA:144,19,1,0
BRDA:152,20,0,0
BRDA:152,20,1,0
BRDA:152,21,0,0
BRDA:152,21,1,0
BRF:44
BRH:0
end_of_record
TN:
SF:src\controllers\postController.js
FN:8,(anonymous_0)
FN:27,(anonymous_1)
FN:38,(anonymous_2)
FN:74,(anonymous_3)
FNF:4
FNH:0
FNDA:0,(anonymous_0)
FNDA:0,(anonymous_1)
FNDA:0,(anonymous_2)
FNDA:0,(anonymous_3)
DA:3,1
DA:8,1
DA:9,0
DA:10,0
DA:11,0
DA:12,0
DA:14,0
DA:15,0
DA:18,0
DA:19,0
DA:22,0
DA:24,0
DA:25,0
DA:27,0
DA:28,0
DA:31,0
DA:32,0
DA:38,1
DA:39,0
DA:40,0
DA:41,0
DA:43,0
DA:44,0
DA:47,0
DA:48,0
DA:49,0
DA:52,0
DA:62,0
DA:63,0
DA:66,0
DA:67,0
DA:74,1
DA:75,0
DA:76,0
DA:77,0
DA:79,0
DA:80,0
DA:82,0
DA:83,0
DA:86,0
DA:87,0
DA:89,0
DA:90,0
DA:93,0
DA:95,0
DA:98,0
DA:101,0
DA:102,0
LF:48
LH:4
BRDA:14,0,0,0
BRDA:14,0,1,0
BRDA:18,1,0,0
BRDA:18,1,1,0
BRDA:24,2,0,0
BRDA:24,2,1,0
BRDA:43,3,0,0
BRDA:43,3,1,0
BRDA:43,4,0,0
BRDA:43,4,1,0
BRDA:47,5,0,0
BRDA:47,5,1,0
BRDA:47,5,2,0
BRDA:48,6,0,0
BRDA:48,6,1,0
BRDA:48,7,0,0
BRDA:48,7,1,0
BRDA:82,8,0,0
BRDA:82,8,1,0
BRDA:87,9,0,0
BRDA:87,9,1,0
BRDA:89,10,0,0
BRDA:89,10,1,0
BRF:23
BRH:0
end_of_record
TN:
SF:src\controllers\userController.js
FN:8,registerUser
FN:18,getUser
FN:29,updateUser
FN:39,deleteUser
FN:52,toggleUserStatus
FN:63,resetUserPassword
FN:74,changePassword
FN:104,getAllUsers
FN:118,(anonymous_8)
FN:127,(anonymous_9)
FN:150,batchPreviewUsers
FN:157,(anonymous_11)
FN:160,(anonymous_12)
FN:161,(anonymous_13)
FN:165,(anonymous_14)
FN:183,batchConfirmUsers
FN:196,deductPoints
FN:214,addPoints
FNF:18
FNH:0
FNDA:0,registerUser
FNDA:0,getUser
FNDA:0,updateUser
FNDA:0,deleteUser
FNDA:0,toggleUserStatus
FNDA:0,resetUserPassword
FNDA:0,changePassword
FNDA:0,getAllUsers
FNDA:0,(anonymous_8)
FNDA:0,(anonymous_9)
FNDA:0,batchPreviewUsers
FNDA:0,(anonymous_11)
FNDA:0,(anonymous_12)
FNDA:0,(anonymous_13)
FNDA:0,(anonymous_14)
FNDA:0,batchConfirmUsers
FNDA:0,deductPoints
FNDA:0,addPoints
DA:9,0
DA:10,0
DA:11,0
DA:13,0
DA:14,0
DA:19,0
DA:20,0
DA:21,0
DA:22,0
DA:23,0
DA:25,0
DA:30,0
DA:31,0
DA:32,0
DA:33,0
DA:35,0
DA:40,0
DA:41,0
DA:42,0
DA:43,0
DA:45,0
DA:53,0
DA:54,0
DA:55,0
DA:56,0
DA:57,0
DA:59,0
DA:64,0
DA:65,0
DA:66,0
DA:67,0
DA:69,0
DA:75,0
DA:77,0
DA:78,0
DA:80,0
DA:81,0
DA:84,0
DA:85,0
DA:89,0
DA:92,0
DA:94,0
DA:97,0
DA:98,0
DA:105,0
DA:106,0
DA:108,0
DA:110,0
DA:115,0
DA:116,0
DA:118,0
DA:119,0
DA:120,0
DA:121,0
DA:122,0
DA:123,0
DA:127,0
DA:128,0
DA:129,0
DA:131,0
DA:132,0
DA:134,0
DA:137,0
DA:140,0
DA:141,0
DA:142,0
DA:144,0
DA:151,0
DA:152,0
DA:154,0
DA:155,0
DA:157,0
DA:158,0
DA:160,0
DA:162,0
DA:163,0
DA:166,0
DA:167,0
DA:171,0
DA:172,0
DA:174,0
DA:177,0
DA:178,0
DA:179,0
DA:184,0
DA:185,0
DA:186,0
DA:187,0
DA:188,0
DA:190,0
DA:197,0
DA:199,0
DA:201,0
DA:202,0
DA:204,0
DA:206,0
DA:207,0
DA:210,0
DA:216,0
LF:99
LH:0
BRDA:22,0,0,0
BRDA:22,0,1,0
BRDA:77,1,0,0
BRDA:77,1,1,0
BRDA:80,2,0,0
BRDA:80,2,1,0
BRDA:84,3,0,0
BRDA:84,3,1,0
BRDA:84,4,0,0
BRDA:84,4,1,0
BRDA:108,5,0,0
BRDA:108,5,1,0
BRDA:121,6,0,0
BRDA:121,6,1,0
BRDA:122,7,0,0
BRDA:122,7,1,0
BRDA:128,8,0,0
BRDA:128,8,1,0
BRDA:129,9,0,0
BRDA:129,9,1,0
BRDA:131,10,0,0
BRDA:131,10,1,0
BRDA:132,11,0,0
BRDA:132,11,1,0
BRDA:141,12,0,0
BRDA:141,12,1,0
BRDA:152,13,0,0
BRDA:152,13,1,0
BRDA:178,14,0,0
BRDA:178,14,1,0
BRDA:178,15,0,0
BRDA:178,15,1,0
BRDA:186,16,0,0
BRDA:186,16,1,0
BRDA:186,17,0,0
BRDA:186,17,1,0
BRDA:199,18,0,0
BRDA:199,18,1,0
BRDA:199,19,0,0
BRDA:199,19,1,0
BRDA:204,20,0,0
BRDA:204,20,1,0
BRDA:204,21,0,0
BRDA:204,21,1,0
BRF:44
BRH:0
end_of_record
TN:
SF:src\middlewares\authMiddleware.js
FN:3,(anonymous_0)
FNF:1
FNH:0
FNDA:0,(anonymous_0)
DA:3,1
DA:4,0
DA:6,0
DA:7,0
DA:10,0
DA:12,0
DA:13,0
DA:14,0
DA:15,0
DA:17,0
DA:19,0
DA:20,0
DA:23,0
DA:28,0
DA:30,0
LF:15
LH:1
BRDA:6,0,0,0
BRDA:6,0,1,0
BRDA:6,1,0,0
BRDA:6,1,1,0
BRDA:17,2,0,0
BRDA:17,2,1,0
BRF:6
BRH:0
end_of_record
TN:
SF:src\middlewares\errorHandler.js
FN:1,(anonymous_0)
FNF:1
FNH:0
FNDA:0,(anonymous_0)
DA:1,1
DA:2,0
DA:3,0
LF:3
LH:1
BRF:0
BRH:0
end_of_record
TN:
SF:src\middlewares\upload.js
FN:9,(anonymous_0)
FN:10,(anonymous_1)
FNF:2
FNH:0
FNDA:0,(anonymous_0)
FNDA:0,(anonymous_1)
DA:5,1
DA:6,1
DA:8,1
DA:9,0
DA:11,0
DA:12,0
DA:16,1
LF:7
LH:4
BRDA:6,0,0,0
BRDA:6,0,1,1
BRF:2
BRH:1
end_of_record
TN:
SF:src\middlewares\validateUser.js
FN:1,validateUser
FNF:1
FNH:0
FNDA:0,validateUser
DA:2,0
DA:4,0
DA:5,0
DA:9,0
DA:10,0
DA:13,0
LF:6
LH:0
BRDA:4,0,0,0
BRDA:4,0,1,0
BRDA:4,1,0,0
BRDA:4,1,1,0
BRDA:9,2,0,0
BRDA:9,2,1,0
BRDA:9,3,0,0
BRDA:9,3,1,0
BRDA:9,3,2,0
BRF:9
BRH:0
end_of_record
TN:
SF:src\routes\authRoutes.js
FNF:0
FNH:0
DA:5,1
DA:6,1
LF:2
LH:2
BRF:0
BRH:0
end_of_record
TN:
SF:src\routes\classRoutes.js
FNF:0
FNH:0
DA:10,1
DA:12,1
DA:13,1
DA:15,1
DA:16,1
DA:17,1
LF:6
LH:6
BRF:0
BRH:0
end_of_record
TN:
SF:src\routes\commentRoutes.js
FNF:0
FNH:0
DA:5,1
DA:7,1
DA:9,1
LF:3
LH:3
BRF:0
BRH:0
end_of_record
TN:
SF:src\routes\contentRoutes.js
FN:9,(anonymous_0)
FNF:1
FNH:0
FNDA:0,(anonymous_0)
DA:6,1
DA:9,1
DA:10,0
DA:11,0
DA:12,0
DA:13,0
DA:15,0
DA:18,1
DA:21,1
DA:25,1
DA:27,1
DA:28,1
LF:12
LH:7
BRDA:11,0,0,0
BRDA:11,0,1,0
BRDA:11,1,0,0
BRDA:11,1,1,0
BRF:4
BRH:0
end_of_record
TN:
SF:src\routes\dashboardRoutes.js
FNF:0
FNH:0
DA:5,1
DA:8,1
DA:11,1
LF:3
LH:3
BRF:0
BRH:0
end_of_record
TN:
SF:src\routes\iaRoutes.js
FNF:0
FNH:0
DA:8,1
DA:11,1
DA:14,1
DA:17,1
LF:4
LH:4
BRF:0
BRH:0
end_of_record
TN:
SF:src\routes\newsRoutes.js
FNF:0
FNH:0
DA:4,1
DA:7,1
DA:10,1
DA:13,1
LF:4
LH:4
BRF:0
BRH:0
end_of_record
TN:
SF:src\routes\planRoutes.js
FN:16,(anonymous_0)
FNF:1
FNH:0
FNDA:0,(anonymous_0)
DA:13,1
DA:14,1
DA:16,1
DA:17,0
DA:18,0
DA:19,0
DA:20,0
DA:21,0
DA:22,0
DA:25,0
DA:28,1
DA:31,1
DA:33,1
DA:36,1
DA:38,1
LF:15
LH:8
BRDA:18,0,0,0
BRDA:18,0,1,0
BRDA:18,1,0,0
BRDA:18,1,1,0
BRF:4
BRH:0
end_of_record
TN:
SF:src\routes\postRoutes.js
FNF:0
FNH:0
DA:5,1
DA:8,1
DA:10,1
DA:11,1
LF:4
LH:4
BRF:0
BRH:0
end_of_record
TN:
SF:src\routes\userRoutes.js
FN:25,(anonymous_0)
FNF:1
FNH:0
FNDA:0,(anonymous_0)
DA:21,1
DA:22,1
DA:25,1
DA:26,0
DA:27,0
DA:28,0
DA:29,0
DA:30,0
DA:31,0
DA:36,0
DA:41,1
DA:42,1
DA:43,1
DA:44,1
DA:45,1
DA:48,1
DA:49,1
DA:52,1
DA:53,1
DA:56,1
DA:57,1
DA:59,1
LF:22
LH:15
BRDA:27,0,0,0
BRDA:27,0,1,0
BRDA:27,1,0,0
BRDA:27,1,1,0
BRF:4
BRH:0
end_of_record
TN:
SF:src\services\userService.js
FN:4,(anonymous_0)
FN:11,(anonymous_1)
FN:12,(anonymous_2)
FN:13,(anonymous_3)
FN:15,(anonymous_4)
FN:26,(anonymous_5)
FN:90,(anonymous_6)
FN:111,(anonymous_7)
FN:117,(anonymous_8)
FN:131,(anonymous_9)
FN:134,(anonymous_10)
FN:142,(anonymous_11)
FN:171,(anonymous_12)
FN:185,(anonymous_13)
FN:190,(anonymous_14)
FN:204,(anonymous_15)
FN:210,(anonymous_16)
FNF:17
FNH:0
FNDA:0,(anonymous_0)
FNDA:0,(anonymous_1)
FNDA:0,(anonymous_2)
FNDA:0,(anonymous_3)
FNDA:0,(anonymous_4)
FNDA:0,(anonymous_5)
FNDA:0,(anonymous_6)
FNDA:0,(anonymous_7)
FNDA:0,(anonymous_8)
FNDA:0,(anonymous_9)
FNDA:0,(anonymous_10)
FNDA:0,(anonymous_11)
FNDA:0,(anonymous_12)
FNDA:0,(anonymous_13)
FNDA:0,(anonymous_14)
FNDA:0,(anonymous_15)
FNDA:0,(anonymous_16)
DA:4,1
DA:5,0
DA:6,0
DA:7,0
DA:8,0
DA:11,1
DA:12,1
DA:13,1
DA:15,1
DA:16,0
DA:17,0
DA:18,0
DA:19,0
DA:22,1
DA:27,0
DA:28,0
DA:30,0
DA:32,0
DA:34,0
DA:35,0
DA:36,0
DA:37,0
DA:39,0
DA:40,0
DA:44,0
DA:45,0
DA:47,0
DA:48,0
DA:49,0
DA:54,0
DA:56,0
DA:57,0
DA:58,0
DA:59,0
DA:60,0
DA:64,0
DA:79,0
DA:91,0
DA:92,0
DA:94,0
DA:97,0
DA:98,0
DA:99,0
DA:100,0
DA:102,0
DA:105,0
DA:106,0
DA:108,0
DA:112,0
DA:113,0
DA:114,0
DA:118,0
DA:119,0
DA:120,0
DA:121,0
DA:123,0
DA:124,0
DA:125,0
DA:127,0
DA:130,0
DA:131,0
DA:133,0
DA:134,0
DA:135,0
DA:139,0
DA:143,0
DA:144,0
DA:145,0
DA:146,0
DA:147,0
DA:148,0
DA:149,0
DA:151,0
DA:152,0
DA:153,0
DA:155,0
DA:156,0
DA:157,0
DA:158,0
DA:160,0
DA:162,0
DA:168,0
DA:172,0
DA:173,0
DA:174,0
DA:175,0
DA:176,0
DA:178,0
DA:179,0
DA:182,0
DA:186,0
DA:187,0
DA:191,0
DA:192,0
DA:194,0
DA:195,0
DA:196,0
DA:198,0
DA:199,0
DA:201,0
DA:205,0
DA:206,0
DA:207,0
DA:211,0
DA:212,0
DA:213,0
DA:214,0
DA:215,0
DA:216,0
DA:217,0
DA:218,0
LF:111
LH:6
BRDA:5,0,0,0
BRDA:5,0,1,0
BRDA:7,1,0,0
BRDA:7,1,1,0
BRDA:16,2,0,0
BRDA:16,2,1,0
BRDA:18,3,0,0
BRDA:18,3,1,0
BRDA:18,4,0,0
BRDA:18,4,1,0
BRDA:18,4,2,0
BRDA:18,4,3,0
BRDA:34,5,0,0
BRDA:34,5,1,0
BRDA:35,6,0,0
BRDA:35,6,1,0
BRDA:40,7,0,0
BRDA:40,7,1,0
BRDA:56,8,0,0
BRDA:56,8,1,0
BRDA:56,9,0,0
BRDA:56,9,1,0
BRDA:57,10,0,0
BRDA:57,10,1,0
BRDA:69,11,0,0
BRDA:69,11,1,0
BRDA:70,12,0,0
BRDA:70,12,1,0
BRDA:71,13,0,0
BRDA:71,13,1,0
BRDA:92,14,0,0
BRDA:92,14,1,0
BRDA:97,15,0,0
BRDA:97,15,1,0
BRDA:99,16,0,0
BRDA:99,16,1,0
BRDA:99,17,0,0
BRDA:99,17,1,0
BRDA:120,18,0,0
BRDA:120,18,1,0
BRDA:121,19,0,0
BRDA:121,19,1,0
BRDA:123,20,0,0
BRDA:123,20,1,0
BRDA:124,21,0,0
BRDA:124,21,1,0
BRDA:133,22,0,0
BRDA:133,22,1,0
BRDA:135,23,0,0
BRDA:135,23,1,0
BRDA:135,23,2,0
BRDA:146,24,0,0
BRDA:146,24,1,0
BRDA:147,25,0,0
BRDA:147,25,1,0
BRDA:148,26,0,0
BRDA:148,26,1,0
BRDA:149,27,0,0
BRDA:149,27,1,0
BRDA:151,28,0,0
BRDA:151,28,1,0
BRDA:151,29,0,0
BRDA:151,29,1,0
BRDA:151,29,2,0
BRDA:152,30,0,0
BRDA:152,30,1,0
BRDA:156,31,0,0
BRDA:156,31,1,0
BRDA:163,32,0,0
BRDA:163,32,1,0
BRDA:187,33,0,0
BRDA:187,33,1,0
BRDA:192,34,0,0
BRDA:192,34,1,0
BRDA:194,35,0,0
BRDA:194,35,1,0
BRDA:213,36,0,0
BRDA:213,36,1,0
BRDA:214,37,0,0
BRDA:214,37,1,0
BRDA:216,38,0,0
BRDA:216,38,1,0
BRF:82
BRH:0
end_of_record
